TN:
SF:src\index.ts
FN:3,(anonymous_4)
FN:4,(anonymous_5)
FN:5,(anonymous_6)
FN:6,(anonymous_7)
FN:8,(anonymous_8)
FN:9,(anonymous_9)
FN:10,(anonymous_10)
FN:11,(anonymous_11)
FN:12,(anonymous_12)
FN:13,(anonymous_13)
FN:13,(anonymous_14)
FN:13,(anonymous_15)
FN:13,(anonymous_16)
FN:14,(anonymous_17)
FN:15,(anonymous_18)
FN:16,(anonymous_19)
FN:17,(anonymous_20)
FN:18,(anonymous_21)
FN:19,(anonymous_22)
FN:20,(anonymous_23)
FN:21,(anonymous_24)
FN:22,(anonymous_25)
FN:22,(anonymous_26)
FN:22,(anonymous_27)
FN:23,(anonymous_28)
FN:24,(anonymous_29)
FN:25,(anonymous_30)
FN:26,(anonymous_31)
FN:27,(anonymous_32)
FN:28,(anonymous_33)
FN:28,(anonymous_34)
FN:29,(anonymous_35)
FN:30,(anonymous_36)
FN:31,(anonymous_37)
FN:32,(anonymous_38)
FN:32,(anonymous_39)
FN:32,(anonymous_40)
FN:32,(anonymous_41)
FN:33,(anonymous_42)
FN:34,(anonymous_43)
FN:35,(anonymous_44)
FN:35,(anonymous_45)
FN:35,(anonymous_46)
FN:35,(anonymous_47)
FN:35,(anonymous_48)
FN:36,(anonymous_49)
FNF:46
FNH:0
FNDA:0,(anonymous_4)
FNDA:0,(anonymous_5)
FNDA:0,(anonymous_6)
FNDA:0,(anonymous_7)
FNDA:0,(anonymous_8)
FNDA:0,(anonymous_9)
FNDA:0,(anonymous_10)
FNDA:0,(anonymous_11)
FNDA:0,(anonymous_12)
FNDA:0,(anonymous_13)
FNDA:0,(anonymous_14)
FNDA:0,(anonymous_15)
FNDA:0,(anonymous_16)
FNDA:0,(anonymous_17)
FNDA:0,(anonymous_18)
FNDA:0,(anonymous_19)
FNDA:0,(anonymous_20)
FNDA:0,(anonymous_21)
FNDA:0,(anonymous_22)
FNDA:0,(anonymous_23)
FNDA:0,(anonymous_24)
FNDA:0,(anonymous_25)
FNDA:0,(anonymous_26)
FNDA:0,(anonymous_27)
FNDA:0,(anonymous_28)
FNDA:0,(anonymous_29)
FNDA:0,(anonymous_30)
FNDA:0,(anonymous_31)
FNDA:0,(anonymous_32)
FNDA:0,(anonymous_33)
FNDA:0,(anonymous_34)
FNDA:0,(anonymous_35)
FNDA:0,(anonymous_36)
FNDA:0,(anonymous_37)
FNDA:0,(anonymous_38)
FNDA:0,(anonymous_39)
FNDA:0,(anonymous_40)
FNDA:0,(anonymous_41)
FNDA:0,(anonymous_42)
FNDA:0,(anonymous_43)
FNDA:0,(anonymous_44)
FNDA:0,(anonymous_45)
FNDA:0,(anonymous_46)
FNDA:0,(anonymous_47)
FNDA:0,(anonymous_48)
FNDA:0,(anonymous_49)
DA:1,0
DA:2,0
DA:3,0
DA:4,0
DA:5,0
DA:6,0
DA:8,0
DA:9,0
DA:10,0
DA:11,0
DA:12,0
DA:13,0
DA:14,0
DA:15,0
DA:16,0
DA:17,0
DA:18,0
DA:19,0
DA:20,0
DA:21,0
DA:22,0
DA:23,0
DA:24,0
DA:25,0
DA:26,0
DA:27,0
DA:28,0
DA:29,0
DA:30,0
DA:31,0
DA:32,0
DA:33,0
DA:34,0
DA:35,0
DA:36,0
LF:35
LH:0
BRF:0
BRH:0
end_of_record
TN:
SF:src\types.ts
FNF:0
FNH:0
DA:7,0
LF:1
LH:0
BRF:0
BRH:0
end_of_record
TN:
SF:src\gaesup\atoms\animationAtoms.ts
FN:15,(anonymous_0)
FN:27,(anonymous_1)
FN:28,(anonymous_2)
FN:29,(anonymous_3)
FN:30,(anonymous_4)
FN:31,(anonymous_5)
FN:32,(anonymous_6)
FN:35,(anonymous_7)
FN:38,(anonymous_8)
FN:40,(anonymous_9)
FN:41,(anonymous_10)
FN:50,(anonymous_11)
FN:52,(anonymous_12)
FN:53,(anonymous_13)
FN:62,(anonymous_14)
FN:65,(anonymous_15)
FN:105,useSubscribeActions
FN:108,(anonymous_17)
FN:115,(anonymous_18)
FN:119,(anonymous_19)
FN:122,(anonymous_20)
FN:125,(anonymous_21)
FN:128,(anonymous_22)
FN:131,(anonymous_23)
FN:134,(anonymous_24)
FN:137,(anonymous_25)
FN:160,usePlayActions
FN:176,(anonymous_27)
FN:180,(anonymous_28)
FN:209,(anonymous_29)
FN:237,(anonymous_30)
FN:252,(anonymous_31)
FN:258,(anonymous_32)
FNF:33
FNH:0
FNDA:0,(anonymous_0)
FNDA:0,(anonymous_1)
FNDA:0,(anonymous_2)
FNDA:0,(anonymous_3)
FNDA:0,(anonymous_4)
FNDA:0,(anonymous_5)
FNDA:0,(anonymous_6)
FNDA:0,(anonymous_7)
FNDA:0,(anonymous_8)
FNDA:0,(anonymous_9)
FNDA:0,(anonymous_10)
FNDA:0,(anonymous_11)
FNDA:0,(anonymous_12)
FNDA:0,(anonymous_13)
FNDA:0,(anonymous_14)
FNDA:0,(anonymous_15)
FNDA:0,useSubscribeActions
FNDA:0,(anonymous_17)
FNDA:0,(anonymous_18)
FNDA:0,(anonymous_19)
FNDA:0,(anonymous_20)
FNDA:0,(anonymous_21)
FNDA:0,(anonymous_22)
FNDA:0,(anonymous_23)
FNDA:0,(anonymous_24)
FNDA:0,(anonymous_25)
FNDA:0,usePlayActions
FNDA:0,(anonymous_27)
FNDA:0,(anonymous_28)
FNDA:0,(anonymous_29)
FNDA:0,(anonymous_30)
FNDA:0,(anonymous_31)
FNDA:0,(anonymous_32)
DA:1,0
DA:2,0
DA:3,0
DA:6,0
DA:9,0
DA:15,0
DA:16,0
DA:20,0
DA:26,0
DA:35,0
DA:36,0
DA:38,0
DA:39,0
DA:40,0
DA:42,0
DA:43,0
DA:50,0
DA:51,0
DA:52,0
DA:54,0
DA:55,0
DA:62,0
DA:63,0
DA:70,0
DA:71,0
DA:72,0
DA:73,0
DA:74,0
DA:78,0
DA:80,0
DA:81,0
DA:82,0
DA:84,0
DA:105,0
DA:106,0
DA:107,0
DA:108,0
DA:109,0
DA:110,0
DA:111,0
DA:112,0
DA:113,0
DA:114,0
DA:115,0
DA:117,0
DA:119,0
DA:120,0
DA:122,0
DA:123,0
DA:125,0
DA:126,0
DA:128,0
DA:129,0
DA:131,0
DA:132,0
DA:134,0
DA:135,0
DA:137,0
DA:140,0
DA:143,0
DA:156,0
DA:160,0
DA:167,0
DA:168,0
DA:169,0
DA:171,0
DA:172,0
DA:173,0
DA:174,0
DA:176,0
DA:177,0
DA:180,0
DA:181,0
DA:182,0
DA:183,0
DA:185,0
DA:187,0
DA:188,0
DA:190,0
DA:191,0
DA:192,0
DA:193,0
DA:194,0
DA:195,0
DA:196,0
DA:197,0
DA:201,0
DA:204,0
DA:205,0
DA:208,0
DA:210,0
DA:212,0
DA:213,0
DA:214,0
DA:216,0
DA:217,0
DA:220,0
DA:237,0
DA:238,0
DA:240,0
DA:241,0
DA:242,0
DA:243,0
DA:244,0
DA:245,0
DA:246,0
DA:249,0
DA:250,0
DA:251,0
DA:252,0
DA:253,0
DA:258,0
DA:259,0
DA:260,0
DA:261,0
DA:262,0
DA:263,0
DA:268,0
LF:118
LH:0
BRDA:72,0,0,0
BRDA:72,0,1,0
BRDA:72,1,0,0
BRDA:72,1,1,0
BRDA:74,2,0,0
BRDA:75,3,0,0
BRDA:75,3,1,0
BRDA:81,4,0,0
BRDA:113,5,0,0
BRDA:113,6,0,0
BRDA:113,6,1,0
BRDA:113,6,2,0
BRDA:113,6,3,0
BRDA:113,6,4,0
BRDA:117,7,0,0
BRDA:117,7,1,0
BRDA:117,7,2,0
BRDA:117,7,3,0
BRDA:117,7,4,0
BRDA:117,7,5,0
BRDA:117,7,6,0
BRDA:119,8,0,0
BRDA:119,8,1,0
BRDA:177,9,0,0
BRDA:177,9,1,0
BRDA:182,10,0,0
BRDA:187,11,0,0
BRDA:187,11,1,0
BRDA:193,12,0,0
BRDA:195,13,0,0
BRDA:196,14,0,0
BRDA:196,14,1,0
BRDA:204,15,0,0
BRDA:204,16,0,0
BRDA:204,16,1,0
BRDA:210,17,0,0
BRDA:210,18,0,0
BRDA:210,18,1,0
BRDA:213,19,0,0
BRDA:213,20,0,0
BRDA:213,20,1,0
BRDA:216,21,0,0
BRDA:238,22,0,0
BRDA:238,23,0,0
BRDA:238,23,1,0
BRDA:238,23,2,0
BRDA:238,23,3,0
BRDA:241,24,0,0
BRDA:241,24,1,0
BRDA:243,25,0,0
BRDA:243,25,1,0
BRDA:245,26,0,0
BRDA:250,27,0,0
BRDA:259,28,0,0
BRDA:259,29,0,0
BRDA:259,29,1,0
BRDA:261,30,0,0
BRDA:261,31,0,0
BRDA:261,31,1,0
BRF:59
BRH:0
end_of_record
TN:
SF:src\gaesup\atoms\cameraOptionAtom.ts
FNF:0
FNH:0
DA:1,0
DA:3,0
DA:5,0
LF:3
LH:0
BRF:0
BRH:0
end_of_record
TN:
SF:src\gaesup\atoms\coreStateAtoms.ts
FN:235,(anonymous_0)
FN:252,(anonymous_1)
FN:260,(anonymous_2)
FN:297,(anonymous_3)
FN:310,(anonymous_4)
FN:311,(anonymous_5)
FN:313,(anonymous_6)
FN:317,(anonymous_7)
FN:318,(anonymous_8)
FN:325,(anonymous_9)
FN:326,(anonymous_10)
FNF:11
FNH:0
FNDA:0,(anonymous_0)
FNDA:0,(anonymous_1)
FNDA:0,(anonymous_2)
FNDA:0,(anonymous_3)
FNDA:0,(anonymous_4)
FNDA:0,(anonymous_5)
FNDA:0,(anonymous_6)
FNDA:0,(anonymous_7)
FNDA:0,(anonymous_8)
FNDA:0,(anonymous_9)
FNDA:0,(anonymous_10)
DA:1,0
DA:2,0
DA:6,0
DA:7,0
DA:18,0
DA:34,0
DA:49,0
DA:81,0
DA:120,0
DA:139,0
DA:153,0
DA:155,0
DA:199,0
DA:235,0
DA:236,0
DA:237,0
DA:239,0
DA:241,0
DA:243,0
DA:245,0
DA:247,0
DA:252,0
DA:253,0
DA:254,0
DA:256,0
DA:260,0
DA:261,0
DA:262,0
DA:264,0
DA:294,0
DA:297,0
DA:298,0
DA:299,0
DA:305,0
DA:306,0
DA:310,0
DA:311,0
DA:312,0
DA:313,0
DA:316,0
DA:317,0
DA:319,0
DA:320,0
DA:324,0
DA:325,0
DA:327,0
DA:328,0
LF:47
LH:0
BRDA:239,0,0,0
BRDA:239,0,1,0
BRDA:239,0,2,0
BRDA:239,0,3,0
BRF:4
BRH:0
end_of_record
TN:
SF:src\gaesup\atoms\index.ts
FNF:0
FNH:0
DA:1,0
DA:2,0
DA:3,0
DA:4,0
LF:4
LH:0
BRF:0
BRH:0
end_of_record
TN:
SF:src\gaesup\atoms\inputAtom.ts
FN:58,(anonymous_0)
FN:81,(anonymous_1)
FN:82,(anonymous_2)
FN:92,(anonymous_3)
FN:93,(anonymous_4)
FN:103,(anonymous_5)
FN:104,(anonymous_6)
FN:114,(anonymous_7)
FN:115,(anonymous_8)
FN:125,(anonymous_9)
FN:126,(anonymous_10)
FN:132,(anonymous_11)
FN:133,(anonymous_12)
FN:139,(anonymous_13)
FN:140,(anonymous_14)
FNF:15
FNH:0
FNDA:0,(anonymous_0)
FNDA:0,(anonymous_1)
FNDA:0,(anonymous_2)
FNDA:0,(anonymous_3)
FNDA:0,(anonymous_4)
FNDA:0,(anonymous_5)
FNDA:0,(anonymous_6)
FNDA:0,(anonymous_7)
FNDA:0,(anonymous_8)
FNDA:0,(anonymous_9)
FNDA:0,(anonymous_10)
FNDA:0,(anonymous_11)
FNDA:0,(anonymous_12)
FNDA:0,(anonymous_13)
FNDA:0,(anonymous_14)
DA:1,0
DA:9,0
DA:11,0
DA:58,0
DA:59,0
DA:61,0
DA:66,0
DA:68,0
DA:80,0
DA:81,0
DA:83,0
DA:84,0
DA:91,0
DA:92,0
DA:94,0
DA:95,0
DA:102,0
DA:103,0
DA:105,0
DA:106,0
DA:113,0
DA:114,0
DA:116,0
DA:117,0
DA:124,0
DA:125,0
DA:127,0
DA:131,0
DA:132,0
DA:134,0
DA:138,0
DA:139,0
DA:141,0
LF:33
LH:0
BRDA:61,0,0,0
BRDA:61,0,1,0
BRDA:61,0,2,0
BRDA:61,0,3,0
BRDA:69,1,0,0
BRDA:69,1,1,0
BRDA:71,2,0,0
BRDA:71,2,1,0
BRDA:71,2,2,0
BRDA:71,2,3,0
BRDA:71,2,4,0
BRDA:74,3,0,0
BRDA:74,3,1,0
BRDA:74,4,0,0
BRDA:74,4,1,0
BRF:15
BRH:0
end_of_record
TN:
SF:src\gaesup\camera\index.tsx
FN:35,Camera
FN:49,(anonymous_11)
FN:51,(anonymous_12)
FN:72,(anonymous_13)
FN:81,(anonymous_14)
FN:86,(anonymous_15)
FN:87,(anonymous_16)
FN:95,(anonymous_17)
FN:103,(anonymous_18)
FN:139,(anonymous_19)
FN:146,(anonymous_20)
FNF:11
FNH:0
FNDA:0,Camera
FNDA:0,(anonymous_11)
FNDA:0,(anonymous_12)
FNDA:0,(anonymous_13)
FNDA:0,(anonymous_14)
FNDA:0,(anonymous_15)
FNDA:0,(anonymous_16)
FNDA:0,(anonymous_17)
FNDA:0,(anonymous_18)
FNDA:0,(anonymous_19)
FNDA:0,(anonymous_20)
DA:1,0
DA:2,0
DA:3,0
DA:4,0
DA:6,0
DA:7,0
DA:8,0
DA:9,0
DA:10,0
DA:11,0
DA:12,0
DA:13,0
DA:14,0
DA:15,0
DA:16,0
DA:17,0
DA:18,0
DA:19,0
DA:21,0
DA:23,0
DA:35,0
DA:36,0
DA:37,0
DA:38,0
DA:39,0
DA:40,0
DA:41,0
DA:42,0
DA:43,0
DA:44,0
DA:45,0
DA:46,0
DA:47,0
DA:48,0
DA:49,0
DA:50,0
DA:52,0
DA:53,0
DA:54,0
DA:55,0
DA:56,0
DA:57,0
DA:58,0
DA:59,0
DA:60,0
DA:61,0
DA:62,0
DA:64,0
DA:67,0
DA:69,0
DA:70,0
DA:71,0
DA:72,0
DA:81,0
DA:82,0
DA:83,0
DA:86,0
DA:87,0
DA:88,0
DA:93,0
DA:95,0
DA:96,0
DA:103,0
DA:104,0
DA:105,0
DA:107,0
DA:108,0
DA:109,0
DA:111,0
DA:112,0
DA:113,0
DA:115,0
DA:116,0
DA:117,0
DA:119,0
DA:121,0
DA:122,0
DA:124,0
DA:126,0
DA:127,0
DA:129,0
DA:130,0
DA:131,0
DA:132,0
DA:134,0
DA:135,0
DA:137,0
DA:139,0
DA:140,0
DA:141,0
DA:142,0
DA:145,0
DA:147,0
DA:148,0
DA:149,0
DA:150,0
DA:151,0
DA:152,0
DA:153,0
DA:154,0
DA:155,0
DA:156,0
DA:158,0
DA:159,0
DA:163,0
DA:171,0
DA:172,0
DA:173,0
DA:174,0
DA:180,0
DA:182,0
DA:193,0
DA:215,0
DA:221,0
LF:114
LH:0
BRDA:51,0,0,0
BRDA:52,1,0,0
BRDA:52,1,1,0
BRDA:54,2,0,0
BRDA:54,3,0,0
BRDA:54,3,1,0
BRDA:56,4,0,0
BRDA:60,5,0,0
BRDA:60,6,0,0
BRDA:60,6,1,0
BRDA:64,7,0,0
BRDA:64,7,1,0
BRDA:67,8,0,0
BRDA:67,8,1,0
BRDA:69,9,0,0
BRDA:69,10,0,0
BRDA:69,10,1,0
BRDA:82,11,0,0
BRDA:105,12,0,0
BRDA:105,12,1,0
BRDA:105,12,2,0
BRDA:105,12,3,0
BRDA:105,12,4,0
BRDA:105,12,5,0
BRDA:105,12,6,0
BRDA:120,13,0,0
BRDA:120,13,1,0
BRDA:125,14,0,0
BRDA:125,14,1,0
BRDA:129,15,0,0
BRDA:129,15,1,0
BRDA:148,16,0,0
BRDA:148,17,0,0
BRDA:148,17,1,0
BRDA:152,18,0,0
BRDA:152,18,1,0
BRDA:154,19,0,0
BRDA:154,19,1,0
BRDA:154,19,2,0
BRDA:155,20,0,0
BRDA:158,21,0,0
BRDA:158,21,1,0
BRDA:169,22,0,0
BRDA:169,22,1,0
BRDA:172,23,0,0
BRDA:172,24,0,0
BRDA:172,24,1,0
BRDA:185,25,0,0
BRDA:185,25,1,0
BRDA:185,25,2,0
BRDA:188,26,0,0
BRDA:188,26,1,0
BRDA:196,27,0,0
BRDA:196,27,1,0
BRDA:196,27,2,0
BRDA:199,28,0,0
BRDA:199,28,1,0
BRDA:200,29,0,0
BRDA:200,29,1,0
BRDA:216,30,0,0
BRDA:216,30,1,0
BRF:61
BRH:0
end_of_record
TN:
SF:src\gaesup\camera\utils.ts
FN:14,(anonymous_9)
FN:18,(anonymous_10)
FN:22,(anonymous_11)
FN:32,(anonymous_12)
FN:42,(anonymous_13)
FN:63,(anonymous_14)
FN:74,(anonymous_15)
FN:78,(anonymous_16)
FN:83,(anonymous_17)
FN:102,(anonymous_18)
FN:124,(anonymous_19)
FN:130,(anonymous_20)
FN:138,(anonymous_21)
FN:152,(anonymous_22)
FN:155,(anonymous_23)
FN:161,(anonymous_24)
FN:175,(anonymous_25)
FN:207,(anonymous_26)
FN:212,(anonymous_27)
FN:233,(anonymous_28)
FN:238,(anonymous_29)
FN:242,(anonymous_30)
FNF:22
FNH:0
FNDA:0,(anonymous_9)
FNDA:0,(anonymous_10)
FNDA:0,(anonymous_11)
FNDA:0,(anonymous_12)
FNDA:0,(anonymous_13)
FNDA:0,(anonymous_14)
FNDA:0,(anonymous_15)
FNDA:0,(anonymous_16)
FNDA:0,(anonymous_17)
FNDA:0,(anonymous_18)
FNDA:0,(anonymous_19)
FNDA:0,(anonymous_20)
FNDA:0,(anonymous_21)
FNDA:0,(anonymous_22)
FNDA:0,(anonymous_23)
FNDA:0,(anonymous_24)
FNDA:0,(anonymous_25)
FNDA:0,(anonymous_26)
FNDA:0,(anonymous_27)
FNDA:0,(anonymous_28)
FNDA:0,(anonymous_29)
FNDA:0,(anonymous_30)
DA:1,0
DA:3,0
DA:4,0
DA:5,0
DA:7,0
DA:15,0
DA:19,0
DA:28,0
DA:29,0
DA:38,0
DA:39,0
DA:48,0
DA:49,0
DA:53,0
DA:55,0
DA:56,0
DA:59,0
DA:60,0
DA:70,0
DA:71,0
DA:75,0
DA:79,0
DA:80,0
DA:91,0
DA:92,0
DA:93,0
DA:94,0
DA:95,0
DA:96,0
DA:97,0
DA:98,0
DA:99,0
DA:114,0
DA:115,0
DA:116,0
DA:117,0
DA:118,0
DA:119,0
DA:120,0
DA:121,0
DA:125,0
DA:126,0
DA:127,0
DA:131,0
DA:145,0
DA:146,0
DA:147,0
DA:153,0
DA:156,0
DA:157,0
DA:166,0
DA:171,0
DA:172,0
DA:186,0
DA:188,0
DA:189,0
DA:190,0
DA:192,0
DA:196,0
DA:207,0
DA:208,0
DA:217,0
DA:218,0
DA:220,0
DA:221,0
DA:223,0
DA:224,0
DA:226,0
DA:227,0
DA:232,0
DA:234,0
DA:235,0
DA:239,0
DA:243,0
DA:244,0
DA:245,0
LF:76
LH:0
BRDA:55,0,0,0
BRDA:80,1,0,0
BRDA:80,1,1,0
BRDA:95,2,0,0
BRDA:95,2,1,0
BRDA:114,3,0,0
BRDA:115,4,0,0
BRDA:115,4,1,0
BRDA:116,5,0,0
BRDA:116,5,1,0
BRDA:117,6,0,0
BRDA:117,6,1,0
BRDA:118,7,0,0
BRDA:118,7,1,0
BRDA:119,8,0,0
BRDA:119,8,1,0
BRDA:120,9,0,0
BRDA:120,9,1,0
BRDA:125,10,0,0
BRDA:125,11,0,0
BRDA:125,11,1,0
BRDA:125,12,0,0
BRDA:125,12,1,0
BRDA:126,13,0,0
BRDA:127,14,0,0
BRDA:127,14,1,0
BRDA:130,15,0,0
BRDA:132,16,0,0
BRDA:132,16,1,0
BRDA:132,16,2,0
BRDA:142,17,0,0
BRDA:143,18,0,0
BRDA:153,19,0,0
BRDA:153,19,1,0
BRDA:164,20,0,0
BRDA:186,21,0,0
BRDA:188,22,0,0
BRDA:188,22,1,0
BRDA:188,23,0,0
BRDA:188,23,1,0
BRDA:189,24,0,0
BRDA:189,24,1,0
BRDA:189,25,0,0
BRDA:189,25,1,0
BRDA:190,26,0,0
BRDA:190,26,1,0
BRDA:190,27,0,0
BRDA:190,27,1,0
BRDA:218,28,0,0
BRDA:221,29,0,0
BRDA:221,29,1,0
BRDA:224,30,0,0
BRDA:224,30,1,0
BRDA:226,31,0,0
BRDA:226,32,0,0
BRDA:226,32,1,0
BRDA:243,33,0,0
BRF:57
BRH:0
end_of_record
TN:
SF:src\gaesup\camera\blend\CameraBlendManager.ts
FN:5,(anonymous_9)
FN:13,(anonymous_10)
FN:16,(anonymous_11)
FN:17,(anonymous_12)
FN:18,(anonymous_13)
FN:19,(anonymous_14)
FN:20,(anonymous_15)
FN:26,(anonymous_16)
FN:60,(anonymous_17)
FN:93,(anonymous_18)
FN:101,(anonymous_19)
FN:104,(anonymous_20)
FNF:12
FNH:0
FNDA:0,(anonymous_9)
FNDA:0,(anonymous_10)
FNDA:0,(anonymous_11)
FNDA:0,(anonymous_12)
FNDA:0,(anonymous_13)
FNDA:0,(anonymous_14)
FNDA:0,(anonymous_15)
FNDA:0,(anonymous_16)
FNDA:0,(anonymous_17)
FNDA:0,(anonymous_18)
FNDA:0,(anonymous_19)
FNDA:0,(anonymous_20)
DA:1,0
DA:2,0
DA:5,0
DA:6,0
DA:7,0
DA:8,0
DA:9,0
DA:10,0
DA:13,0
DA:14,0
DA:15,0
DA:16,0
DA:17,0
DA:18,0
DA:19,0
DA:21,0
DA:22,0
DA:25,0
DA:34,0
DA:35,0
DA:37,0
DA:43,0
DA:44,0
DA:45,0
DA:46,0
DA:48,0
DA:58,0
DA:61,0
DA:62,0
DA:63,0
DA:64,0
DA:65,0
DA:70,0
DA:71,0
DA:72,0
DA:73,0
DA:74,0
DA:79,0
DA:81,0
DA:82,0
DA:83,0
DA:86,0
DA:87,0
DA:88,0
DA:89,0
DA:91,0
DA:94,0
DA:102,0
DA:105,0
LF:49
LH:0
BRDA:5,0,0,0
BRDA:5,0,1,0
BRDA:19,1,0,0
BRDA:19,1,1,0
BRDA:22,2,0,0
BRDA:22,2,1,0
BRDA:22,3,0,0
BRDA:22,3,1,0
BRDA:29,4,0,0
BRDA:30,5,0,0
BRDA:45,6,0,0
BRDA:54,7,0,0
BRDA:54,7,1,0
BRDA:61,8,0,0
BRDA:73,9,0,0
BRDA:81,10,0,0
BRDA:95,11,0,0
BRDA:95,11,1,0
BRDA:95,12,0,0
BRDA:95,12,1,0
BRDA:96,13,0,0
BRDA:96,13,1,0
BRDA:96,14,0,0
BRDA:96,14,1,0
BRDA:97,15,0,0
BRDA:97,15,1,0
BRDA:97,16,0,0
BRDA:97,16,1,0
BRF:28
BRH:0
end_of_record
TN:
SF:src\gaesup\camera\collision\SmartCollisionSystem.ts
FN:19,(anonymous_9)
FN:24,(anonymous_10)
FN:37,(anonymous_11)
FN:40,(anonymous_12)
FN:60,(anonymous_13)
FN:85,(anonymous_14)
FN:114,(anonymous_15)
FN:151,(anonymous_16)
FN:155,(anonymous_17)
FN:167,(anonymous_18)
FN:171,(anonymous_19)
FN:176,(anonymous_20)
FN:179,(anonymous_21)
FNF:13
FNH:0
FNDA:0,(anonymous_9)
FNDA:0,(anonymous_10)
FNDA:0,(anonymous_11)
FNDA:0,(anonymous_12)
FNDA:0,(anonymous_13)
FNDA:0,(anonymous_14)
FNDA:0,(anonymous_15)
FNDA:0,(anonymous_16)
FNDA:0,(anonymous_17)
FNDA:0,(anonymous_18)
FNDA:0,(anonymous_19)
FNDA:0,(anonymous_20)
FNDA:0,(anonymous_21)
DA:1,0
DA:4,0
DA:5,0
DA:6,0
DA:15,0
DA:16,0
DA:17,0
DA:20,0
DA:21,0
DA:25,0
DA:37,0
DA:46,0
DA:47,0
DA:48,0
DA:57,0
DA:68,0
DA:69,0
DA:71,0
DA:72,0
DA:78,0
DA:82,0
DA:83,0
DA:85,0
DA:86,0
DA:87,0
DA:88,0
DA:90,0
DA:91,0
DA:93,0
DA:94,0
DA:95,0
DA:96,0
DA:100,0
DA:104,0
DA:105,0
DA:106,0
DA:107,0
DA:111,0
DA:119,0
DA:120,0
DA:122,0
DA:123,0
DA:125,0
DA:127,0
DA:131,0
DA:132,0
DA:135,0
DA:139,0
DA:140,0
DA:142,0
DA:143,0
DA:144,0
DA:145,0
DA:148,0
DA:152,0
DA:153,0
DA:155,0
DA:156,0
DA:157,0
DA:158,0
DA:159,0
DA:164,0
DA:168,0
DA:170,0
DA:171,0
DA:172,0
DA:177,0
DA:179,0
DA:180,0
DA:182,0
DA:183,0
DA:184,0
DA:186,0
DA:187,0
LF:74
LH:0
BRDA:86,0,0,0
BRDA:87,1,0,0
BRDA:90,2,0,0
BRDA:93,3,0,0
BRDA:95,4,0,0
BRDA:104,5,0,0
BRDA:106,6,0,0
BRDA:123,7,0,0
BRDA:123,8,0,0
BRDA:123,8,1,0
BRDA:142,9,0,0
BRDA:142,10,0,0
BRDA:142,10,1,0
BRDA:143,11,0,0
BRDA:143,12,0,0
BRDA:143,12,1,0
BRDA:144,13,0,0
BRDA:144,14,0,0
BRDA:144,14,1,0
BRDA:145,15,0,0
BRDA:145,15,1,0
BRDA:156,16,0,0
BRDA:156,17,0,0
BRDA:156,17,1,0
BRDA:158,18,0,0
BRDA:170,19,0,0
BRDA:170,20,0,0
BRDA:170,20,1,0
BRDA:177,21,0,0
BRF:29
BRH:0
end_of_record
TN:
SF:src\gaesup\camera\control\chase.ts
FN:10,(anonymous_9)
FN:29,(anonymous_10)
FN:40,chase
FNF:3
FNH:0
FNDA:0,(anonymous_9)
FNDA:0,(anonymous_10)
FNDA:0,chase
DA:1,0
DA:4,0
DA:6,0
DA:7,0
DA:8,0
DA:10,0
DA:14,0
DA:15,0
DA:16,0
DA:17,0
DA:18,0
DA:19,0
DA:21,0
DA:23,0
DA:24,0
DA:25,0
DA:26,0
DA:29,0
DA:33,0
DA:34,0
DA:35,0
DA:36,0
DA:37,0
DA:40,0
DA:45,0
DA:46,0
DA:47,0
DA:48,0
DA:49,0
DA:50,0
DA:51,0
DA:52,0
DA:53,0
DA:54,0
DA:55,0
LF:35
LH:0
BRDA:14,0,0,0
BRDA:14,0,1,0
BRDA:14,0,2,0
BRDA:15,1,0,0
BRDA:15,1,1,0
BRDA:15,1,2,0
BRDA:16,2,0,0
BRDA:16,2,1,0
BRDA:16,3,0,0
BRDA:16,3,1,0
BRDA:18,4,0,0
BRDA:18,4,1,0
BRDA:18,5,0,0
BRDA:18,5,1,0
BRDA:33,6,0,0
BRDA:35,7,0,0
BRDA:36,8,0,0
BRDA:46,9,0,0
BRDA:46,10,0,0
BRDA:46,10,1,0
BRDA:49,11,0,0
BRDA:49,11,1,0
BRDA:51,12,0,0
BRDA:51,12,1,0
BRDA:54,13,0,0
BRDA:54,14,0,0
BRDA:54,14,1,0
BRF:27
BRH:0
end_of_record
TN:
SF:src\gaesup\camera\control\firstPerson.ts
FN:10,(anonymous_9)
FN:18,(anonymous_10)
FN:24,(anonymous_11)
FN:37,firstPerson
FNF:4
FNH:0
FNDA:0,(anonymous_9)
FNDA:0,(anonymous_10)
FNDA:0,(anonymous_11)
FNDA:0,firstPerson
DA:1,0
DA:4,0
DA:6,0
DA:7,0
DA:8,0
DA:10,0
DA:14,0
DA:15,0
DA:18,0
DA:19,0
DA:20,0
DA:21,0
DA:24,0
DA:30,0
DA:31,0
DA:32,0
DA:33,0
DA:37,0
DA:42,0
DA:43,0
DA:44,0
DA:45,0
DA:46,0
DA:47,0
DA:48,0
DA:49,0
DA:50,0
DA:51,0
LF:28
LH:0
BRDA:14,0,0,0
BRDA:14,0,1,0
BRDA:28,1,0,0
BRDA:31,2,0,0
BRDA:43,3,0,0
BRDA:45,4,0,0
BRDA:45,4,1,0
BRDA:50,5,0,0
BRDA:50,6,0,0
BRDA:50,6,1,0
BRF:10
BRH:0
end_of_record
TN:
SF:src\gaesup\camera\control\fixed.ts
FN:3,fixed
FNF:1
FNH:0
FNDA:0,fixed
DA:3,0
DA:4,0
DA:5,0
DA:6,0
DA:7,0
DA:8,0
DA:9,0
DA:10,0
LF:8
LH:0
BRDA:5,0,0,0
BRDA:5,1,0,0
BRDA:5,1,1,0
BRDA:7,2,0,0
BRDA:7,2,1,0
BRDA:9,3,0,0
BRF:6
BRH:0
end_of_record
TN:
SF:src\gaesup\camera\control\isometric.ts
FN:6,isometric
FNF:1
FNH:0
FNDA:0,isometric
DA:1,0
DA:4,0
DA:6,0
DA:11,0
DA:12,0
DA:13,0
DA:14,0
DA:15,0
DA:21,0
DA:22,0
DA:24,0
DA:25,0
DA:26,0
DA:27,0
LF:14
LH:0
BRDA:12,0,0,0
BRDA:12,1,0,0
BRDA:12,1,1,0
BRDA:13,2,0,0
BRDA:13,2,1,0
BRDA:14,3,0,0
BRDA:14,3,1,0
BRDA:24,4,0,0
BRDA:25,5,0,0
BRDA:25,5,1,0
BRF:10
BRH:0
end_of_record
TN:
SF:src\gaesup\camera\control\shoulder.ts
FN:8,shoulder
FNF:1
FNH:0
FNDA:0,shoulder
DA:1,0
DA:4,0
DA:5,0
DA:6,0
DA:8,0
DA:13,0
DA:15,0
DA:17,0
DA:18,0
DA:20,0
DA:21,0
DA:23,0
DA:24,0
DA:25,0
DA:26,0
DA:29,0
DA:31,0
DA:32,0
DA:35,0
DA:38,0
LF:20
LH:0
BRDA:15,0,0,0
BRDA:15,1,0,0
BRDA:15,1,1,0
BRDA:17,2,0,0
BRDA:17,2,1,0
BRDA:18,3,0,0
BRDA:18,3,1,0
BRDA:20,4,0,0
BRDA:20,4,1,0
BRDA:21,5,0,0
BRDA:21,5,1,0
BRDA:24,6,0,0
BRDA:31,7,0,0
BRDA:31,7,1,0
BRDA:32,8,0,0
BRDA:32,8,1,0
BRDA:35,9,0,0
BRDA:35,9,1,0
BRDA:42,10,0,0
BRDA:42,10,1,0
BRF:20
BRH:0
end_of_record
TN:
SF:src\gaesup\camera\control\sideScroll.ts
FN:6,(anonymous_9)
FN:17,sideScroll
FNF:2
FNH:0
FNDA:0,(anonymous_9)
FNDA:0,sideScroll
DA:1,0
DA:3,0
DA:4,0
DA:6,0
DA:10,0
DA:11,0
DA:12,0
DA:13,0
DA:16,0
DA:17,0
DA:23,0
DA:24,0
DA:25,0
DA:26,0
DA:27,0
DA:28,0
DA:29,0
DA:30,0
DA:31,0
LF:19
LH:0
BRDA:10,0,0,0
BRDA:10,0,1,0
BRDA:10,0,2,0
BRDA:11,1,0,0
BRDA:11,1,1,0
BRDA:11,1,2,0
BRDA:24,2,0,0
BRDA:24,3,0,0
BRDA:24,3,1,0
BRDA:26,4,0,0
BRDA:26,4,1,0
BRDA:28,5,0,0
BRDA:28,5,1,0
BRDA:30,6,0,0
BRDA:30,7,0,0
BRDA:30,7,1,0
BRF:16
BRH:0
end_of_record
TN:
SF:src\gaesup\camera\control\thirdPerson.ts
FN:11,(anonymous_9)
FN:35,(anonymous_10)
FN:52,(anonymous_11)
FN:59,(anonymous_12)
FN:72,thirdPerson
FNF:5
FNH:0
FNDA:0,(anonymous_9)
FNDA:0,(anonymous_10)
FNDA:0,(anonymous_11)
FNDA:0,(anonymous_12)
FNDA:0,thirdPerson
DA:1,0
DA:4,0
DA:5,0
DA:7,0
DA:8,0
DA:9,0
DA:11,0
DA:15,0
DA:16,0
DA:17,0
DA:19,0
DA:20,0
DA:21,0
DA:22,0
DA:27,0
DA:29,0
DA:30,0
DA:32,0
DA:35,0
DA:40,0
DA:41,0
DA:43,0
DA:44,0
DA:45,0
DA:46,0
DA:47,0
DA:49,0
DA:52,0
DA:56,0
DA:59,0
DA:65,0
DA:66,0
DA:68,0
DA:69,0
DA:72,0
DA:78,0
DA:79,0
DA:81,0
DA:82,0
DA:83,0
DA:84,0
DA:89,0
DA:91,0
DA:92,0
DA:95,0
DA:96,0
DA:97,0
DA:98,0
DA:99,0
DA:100,0
DA:101,0
DA:102,0
DA:106,0
DA:107,0
LF:54
LH:0
BRDA:15,0,0,0
BRDA:15,0,1,0
BRDA:15,0,2,0
BRDA:16,1,0,0
BRDA:16,1,1,0
BRDA:16,1,2,0
BRDA:17,2,0,0
BRDA:17,2,1,0
BRDA:17,2,2,0
BRDA:19,3,0,0
BRDA:19,3,1,0
BRDA:21,4,0,0
BRDA:21,4,1,0
BRDA:21,5,0,0
BRDA:21,5,1,0
BRDA:23,6,0,0
BRDA:23,6,1,0
BRDA:24,7,0,0
BRDA:24,7,1,0
BRDA:25,8,0,0
BRDA:25,8,1,0
BRDA:40,9,0,0
BRDA:45,10,0,0
BRDA:45,10,1,0
BRDA:46,11,0,0
BRDA:66,12,0,0
BRDA:66,12,1,0
BRDA:79,13,0,0
BRDA:81,14,0,0
BRDA:81,14,1,0
BRDA:83,15,0,0
BRDA:83,15,1,0
BRDA:83,16,0,0
BRDA:83,16,1,0
BRDA:85,17,0,0
BRDA:85,17,1,0
BRDA:86,18,0,0
BRDA:86,18,1,0
BRDA:87,19,0,0
BRDA:87,19,1,0
BRDA:98,20,0,0
BRDA:98,20,1,0
BRDA:99,21,0,0
BRDA:99,21,1,0
BRDA:101,22,0,0
BRDA:101,23,0,0
BRDA:101,23,1,0
BRF:47
BRH:0
end_of_record
TN:
SF:src\gaesup\camera\control\topDown.ts
FN:7,(anonymous_9)
FN:20,topDown
FNF:2
FNH:0
FNDA:0,(anonymous_9)
FNDA:0,topDown
DA:1,0
DA:3,0
DA:5,0
DA:7,0
DA:11,0
DA:12,0
DA:13,0
DA:15,0
DA:18,0
DA:20,0
DA:26,0
DA:28,0
DA:30,0
DA:32,0
DA:33,0
DA:35,0
DA:36,0
DA:38,0
DA:39,0
LF:19
LH:0
BRDA:11,0,0,0
BRDA:11,0,1,0
BRDA:11,0,2,0
BRDA:12,1,0,0
BRDA:12,1,1,0
BRDA:12,1,2,0
BRDA:13,2,0,0
BRDA:13,2,1,0
BRDA:13,2,2,0
BRDA:28,3,0,0
BRDA:28,4,0,0
BRDA:28,4,1,0
BRDA:32,5,0,0
BRDA:32,5,1,0
BRDA:35,6,0,0
BRDA:35,6,1,0
BRDA:38,7,0,0
BRDA:38,8,0,0
BRDA:38,8,1,0
BRF:19
BRH:0
end_of_record
TN:
SF:src\gaesup\camera\debug\CameraDebugHelper.ts
FN:3,(anonymous_0)
FN:9,(anonymous_1)
FN:19,(anonymous_2)
FN:34,(anonymous_3)
FN:46,(anonymous_4)
FN:58,(anonymous_5)
FN:77,(anonymous_6)
FN:89,(anonymous_7)
FNF:8
FNH:0
FNDA:0,(anonymous_0)
FNDA:0,(anonymous_1)
FNDA:0,(anonymous_2)
FNDA:0,(anonymous_3)
FNDA:0,(anonymous_4)
FNDA:0,(anonymous_5)
FNDA:0,(anonymous_6)
FNDA:0,(anonymous_7)
DA:3,0
DA:4,0
DA:5,0
DA:6,0
DA:7,0
DA:10,0
DA:11,0
DA:13,0
DA:14,0
DA:15,0
DA:20,0
DA:21,0
DA:24,0
DA:25,0
DA:27,0
DA:35,0
DA:37,0
DA:38,0
DA:39,0
DA:40,0
DA:43,0
DA:47,0
DA:49,0
DA:50,0
DA:51,0
DA:52,0
DA:55,0
DA:59,0
DA:60,0
DA:62,0
DA:63,0
DA:66,0
DA:67,0
DA:70,0
DA:71,0
DA:74,0
DA:78,0
DA:79,0
DA:90,0
DA:91,0
LF:40
LH:0
BRDA:13,0,0,0
BRDA:20,1,0,0
BRDA:35,2,0,0
BRDA:47,3,0,0
BRDA:62,4,0,0
BRDA:66,5,0,0
BRDA:70,6,0,0
BRDA:81,7,0,0
BRDA:81,7,1,0
BRF:9
BRH:0
end_of_record
TN:
SF:src\gaesup\camera\effects\CameraEffects.ts
FN:56,(anonymous_9)
FN:51,(anonymous_10)
FN:60,(anonymous_11)
FN:66,(anonymous_12)
FN:71,(anonymous_13)
FN:89,(anonymous_14)
FN:105,(anonymous_15)
FN:110,(anonymous_16)
FN:140,(anonymous_17)
FN:165,(anonymous_18)
FN:169,(anonymous_19)
FN:173,(anonymous_20)
FN:177,(anonymous_21)
FN:181,(anonymous_22)
FN:190,(anonymous_23)
FN:204,(anonymous_24)
FN:218,(anonymous_25)
FN:222,(anonymous_26)
FN:226,(anonymous_27)
FN:230,(anonymous_28)
FNF:20
FNH:0
FNDA:0,(anonymous_9)
FNDA:0,(anonymous_10)
FNDA:0,(anonymous_11)
FNDA:0,(anonymous_12)
FNDA:0,(anonymous_13)
FNDA:0,(anonymous_14)
FNDA:0,(anonymous_15)
FNDA:0,(anonymous_16)
FNDA:0,(anonymous_17)
FNDA:0,(anonymous_18)
FNDA:0,(anonymous_19)
FNDA:0,(anonymous_20)
FNDA:0,(anonymous_21)
FNDA:0,(anonymous_22)
FNDA:0,(anonymous_23)
FNDA:0,(anonymous_24)
FNDA:0,(anonymous_25)
FNDA:0,(anonymous_26)
FNDA:0,(anonymous_27)
FNDA:0,(anonymous_28)
DA:1,0
DA:2,0
DA:17,0
DA:18,0
DA:38,0
DA:51,0
DA:54,0
DA:57,0
DA:61,0
DA:62,0
DA:67,0
DA:68,0
DA:72,0
DA:77,0
DA:90,0
DA:95,0
DA:106,0
DA:107,0
DA:111,0
DA:113,0
DA:114,0
DA:116,0
DA:117,0
DA:118,0
DA:119,0
DA:120,0
DA:123,0
DA:127,0
DA:129,0
DA:135,0
DA:136,0
DA:137,0
DA:141,0
DA:143,0
DA:144,0
DA:147,0
DA:148,0
DA:150,0
DA:151,0
DA:152,0
DA:154,0
DA:155,0
DA:162,0
DA:166,0
DA:170,0
DA:174,0
DA:178,0
DA:182,0
DA:191,0
DA:196,0
DA:205,0
DA:210,0
DA:219,0
DA:222,0
DA:227,0
DA:230,0
LF:56
LH:0
BRDA:111,0,0,0
BRDA:116,1,0,0
BRDA:123,2,0,0
BRDA:123,2,1,0
BRDA:141,3,0,0
BRDA:141,4,0,0
BRDA:141,4,1,0
BRDA:143,5,0,0
BRDA:150,6,0,0
BRDA:150,6,1,0
BRDA:181,7,0,0
BRDA:181,8,0,0
BRDA:190,9,0,0
BRDA:204,10,0,0
BRDA:204,11,0,0
BRDA:218,12,0,0
BRDA:218,13,0,0
BRDA:226,14,0,0
BRDA:226,15,0,0
BRF:19
BRH:0
end_of_record
TN:
SF:src\gaesup\camera\state\CameraStateManager.ts
FN:13,(anonymous_9)
FN:18,(anonymous_10)
FN:53,(anonymous_11)
FN:57,(anonymous_12)
FN:61,(anonymous_13)
FN:105,(anonymous_14)
FN:106,(anonymous_15)
FN:109,(anonymous_16)
FN:118,(anonymous_17)
FN:122,(anonymous_18)
FN:126,(anonymous_19)
FN:133,(anonymous_20)
FN:146,(anonymous_21)
FN:155,(anonymous_22)
FN:160,(anonymous_23)
FNF:15
FNH:0
FNDA:0,(anonymous_9)
FNDA:0,(anonymous_10)
FNDA:0,(anonymous_11)
FNDA:0,(anonymous_12)
FNDA:0,(anonymous_13)
FNDA:0,(anonymous_14)
FNDA:0,(anonymous_15)
FNDA:0,(anonymous_16)
FNDA:0,(anonymous_17)
FNDA:0,(anonymous_18)
FNDA:0,(anonymous_19)
FNDA:0,(anonymous_20)
FNDA:0,(anonymous_21)
FNDA:0,(anonymous_22)
FNDA:0,(anonymous_23)
DA:1,0
DA:2,0
DA:5,0
DA:6,0
DA:7,0
DA:8,0
DA:9,0
DA:10,0
DA:14,0
DA:15,0
DA:19,0
DA:30,0
DA:41,0
DA:54,0
DA:58,0
DA:62,0
DA:63,0
DA:64,0
DA:67,0
DA:68,0
DA:70,0
DA:71,0
DA:72,0
DA:75,0
DA:77,0
DA:78,0
DA:80,0
DA:81,0
DA:82,0
DA:84,0
DA:102,0
DA:106,0
DA:110,0
DA:111,0
DA:112,0
DA:113,0
DA:119,0
DA:123,0
DA:127,0
DA:128,0
DA:129,0
DA:134,0
DA:135,0
DA:136,0
DA:147,0
DA:148,0
DA:149,0
DA:150,0
DA:151,0
DA:156,0
DA:157,0
DA:159,0
DA:160,0
DA:161,0
DA:162,0
DA:163,0
DA:167,0
LF:57
LH:0
BRDA:61,0,0,0
BRDA:62,1,0,0
BRDA:71,2,0,0
BRDA:77,3,0,0
BRDA:77,3,1,0
BRDA:77,4,0,0
BRDA:77,4,1,0
BRDA:81,5,0,0
BRDA:81,5,1,0
BRDA:82,6,0,0
BRDA:82,6,1,0
BRDA:106,7,0,0
BRDA:106,7,1,0
BRDA:106,8,0,0
BRDA:106,8,1,0
BRDA:111,9,0,0
BRDA:111,10,0,0
BRDA:111,10,1,0
BRDA:128,11,0,0
BRDA:135,12,0,0
BRDA:148,13,0,0
BRDA:161,14,0,0
BRDA:161,15,0,0
BRDA:161,15,1,0
BRF:24
BRH:0
end_of_record
TN:
SF:src\gaesup\component\InnerHtml.tsx
FN:6,InnerHtml
FN:11,(anonymous_10)
FNF:2
FNH:0
FNDA:0,InnerHtml
FNDA:0,(anonymous_10)
DA:1,0
DA:2,0
DA:3,0
DA:4,0
DA:6,0
DA:7,0
DA:8,0
DA:9,0
DA:10,0
DA:11,0
DA:12,0
DA:13,0
DA:14,0
DA:15,0
DA:16,0
DA:17,0
DA:19,0
LF:17
LH:0
BRDA:6,0,0,0
BRDA:6,1,0,0
BRDA:13,2,0,0
BRDA:17,3,0,0
BRF:4
BRH:0
end_of_record
TN:
SF:src\gaesup\component\index.tsx
FN:9,GaesupComponent
FN:20,(anonymous_1)
FN:25,(anonymous_2)
FNF:3
FNH:0
FNDA:0,GaesupComponent
FNDA:0,(anonymous_1)
FNDA:0,(anonymous_2)
DA:1,0
DA:2,0
DA:4,0
DA:5,0
DA:6,0
DA:7,0
DA:9,0
DA:16,0
DA:17,0
DA:19,0
DA:20,0
DA:24,0
DA:25,0
DA:45,0
DA:47,0
DA:54,0
DA:64,0
DA:67,0
LF:18
LH:0
BRDA:20,0,0,0
BRDA:20,0,1,0
BRDA:20,1,0,0
BRDA:20,1,1,0
BRDA:45,2,0,0
BRDA:45,2,1,0
BRDA:45,2,2,0
BRDA:45,2,3,0
BRF:8
BRH:0
end_of_record
TN:
SF:src\gaesup\component\active\airplane\index.tsx
FN:4,AirplaneRef
FNF:1
FNH:0
FNDA:0,AirplaneRef
DA:1,0
DA:4,0
DA:5,0
LF:3
LH:0
BRF:0
BRH:0
end_of_record
TN:
SF:src\gaesup\component\active\character\index.tsx
FN:5,CharacterRef
FNF:1
FNH:0
FNDA:0,CharacterRef
DA:3,0
DA:5,0
DA:16,0
LF:3
LH:0
BRF:0
BRH:0
end_of_record
TN:
SF:src\gaesup\component\active\vehicle\index.tsx
FN:4,VehicleRef
FNF:1
FNH:0
FNDA:0,VehicleRef
DA:1,0
DA:4,0
DA:5,0
LF:3
LH:0
BRF:0
BRH:0
end_of_record
TN:
SF:src\gaesup\component\inner\airplane\index.tsx
FN:5,AirplaneInnerRef
FNF:1
FNH:0
FNDA:0,AirplaneInnerRef
DA:1,0
DA:2,0
DA:5,0
DA:6,0
DA:8,0
LF:5
LH:0
BRF:0
BRH:0
end_of_record
TN:
SF:src\gaesup\component\inner\character\index.tsx
FN:5,CharacterInnerRef
FNF:1
FNH:0
FNDA:0,CharacterInnerRef
DA:1,0
DA:2,0
DA:5,0
DA:6,0
DA:7,0
LF:5
LH:0
BRF:0
BRH:0
end_of_record
TN:
SF:src\gaesup\component\inner\common\InnerGroupRef.tsx
FN:6,(anonymous_10)
FN:7,(anonymous_11)
FN:8,(anonymous_12)
FN:10,(anonymous_13)
FN:15,(anonymous_14)
FN:43,(anonymous_15)
FNF:6
FNH:0
FNDA:0,(anonymous_10)
FNDA:0,(anonymous_11)
FNDA:0,(anonymous_12)
FNDA:0,(anonymous_13)
FNDA:0,(anonymous_14)
FNDA:0,(anonymous_15)
DA:1,0
DA:2,0
DA:3,0
DA:6,0
DA:7,0
DA:8,0
DA:9,0
DA:10,0
DA:11,0
DA:12,0
DA:13,0
DA:14,0
DA:15,0
DA:17,0
DA:26,0
DA:44,0
DA:45,0
DA:46,0
DA:56,0
DA:57,0
LF:20
LH:0
BRDA:9,0,0,0
BRDA:11,1,0,0
BRDA:13,2,0,0
BRDA:14,3,0,0
BRDA:14,3,1,0
BRDA:28,4,0,0
BRDA:28,4,1,0
BRDA:28,4,2,0
BRDA:28,4,3,0
BRDA:28,4,4,0
BRDA:33,5,0,0
BRDA:33,5,1,0
BRDA:33,5,2,0
BRDA:45,6,0,0
BRDA:45,6,1,0
BRDA:56,7,0,0
BRF:16
BRH:0
end_of_record
TN:
SF:src\gaesup\component\inner\common\OuterGroupRef.tsx
FN:5,(anonymous_0)
FNF:1
FNH:0
FNDA:0,(anonymous_0)
DA:1,0
DA:4,0
DA:13,0
LF:3
LH:0
BRF:0
BRH:0
end_of_record
TN:
SF:src\gaesup\component\inner\common\RigidbodyRef.tsx
FN:22,(anonymous_10)
FN:32,(anonymous_11)
FN:33,(anonymous_12)
FN:35,(anonymous_13)
FN:43,(anonymous_14)
FN:44,(anonymous_15)
FN:46,(anonymous_16)
FN:51,(anonymous_17)
FN:52,(anonymous_18)
FN:60,(anonymous_19)
FN:76,(anonymous_20)
FN:86,(anonymous_21)
FN:132,(anonymous_22)
FN:172,(anonymous_23)
FNF:14
FNH:0
FNDA:0,(anonymous_10)
FNDA:0,(anonymous_11)
FNDA:0,(anonymous_12)
FNDA:0,(anonymous_13)
FNDA:0,(anonymous_14)
FNDA:0,(anonymous_15)
FNDA:0,(anonymous_16)
FNDA:0,(anonymous_17)
FNDA:0,(anonymous_18)
FNDA:0,(anonymous_19)
FNDA:0,(anonymous_20)
FNDA:0,(anonymous_21)
FNDA:0,(anonymous_22)
FNDA:0,(anonymous_23)
DA:1,0
DA:2,0
DA:3,0
DA:4,0
DA:5,0
DA:6,0
DA:7,0
DA:8,0
DA:9,0
DA:10,0
DA:11,0
DA:12,0
DA:13,0
DA:14,0
DA:16,0
DA:17,0
DA:18,0
DA:21,0
DA:23,0
DA:25,0
DA:26,0
DA:27,0
DA:29,0
DA:30,0
DA:32,0
DA:33,0
DA:34,0
DA:35,0
DA:36,0
DA:37,0
DA:40,0
DA:43,0
DA:44,0
DA:45,0
DA:46,0
DA:47,0
DA:48,0
DA:50,0
DA:51,0
DA:52,0
DA:53,0
DA:54,0
DA:57,0
DA:59,0
DA:60,0
DA:61,0
DA:62,0
DA:65,0
DA:71,0
DA:72,0
DA:75,0
DA:76,0
DA:77,0
DA:78,0
DA:79,0
DA:86,0
DA:87,0
DA:88,0
DA:96,0
DA:97,0
DA:102,0
DA:109,0
DA:110,0
DA:119,0
DA:126,0
DA:131,0
DA:132,0
DA:133,0
DA:135,0
DA:173,0
DA:174,0
LF:71
LH:0
BRDA:23,0,0,0
BRDA:23,0,1,0
BRDA:36,1,0,0
BRDA:45,2,0,0
BRDA:47,3,0,0
BRDA:50,4,0,0
BRDA:50,4,1,0
BRDA:53,5,0,0
BRDA:53,6,0,0
BRDA:53,6,1,0
BRDA:59,7,0,0
BRDA:61,8,0,0
BRDA:61,9,0,0
BRDA:61,9,1,0
BRDA:71,10,0,0
BRDA:75,11,0,0
BRDA:77,12,0,0
BRDA:87,13,0,0
BRDA:87,14,0,0
BRDA:87,14,1,0
BRDA:96,15,0,0
BRDA:123,16,0,0
BRDA:123,16,1,0
BRDA:133,17,0,0
BRDA:133,17,1,0
BRDA:133,18,0,0
BRDA:133,18,1,0
BRDA:143,19,0,0
BRDA:143,19,1,0
BRDA:143,20,0,0
BRDA:143,20,1,0
BRDA:150,21,0,0
BRDA:150,21,1,0
BRDA:170,22,0,0
BRDA:170,22,1,0
BRDA:170,22,2,0
BRDA:173,23,0,0
BRF:37
BRH:0
end_of_record
TN:
SF:src\gaesup\component\inner\common\calc.ts
FN:3,(anonymous_0)
FNF:1
FNH:0
FNDA:0,(anonymous_0)
DA:3,0
DA:4,0
DA:5,0
DA:6,0
DA:7,0
DA:8,0
DA:9,0
DA:10,0
LF:8
LH:0
BRDA:4,0,0,0
BRF:1
BRH:0
end_of_record
TN:
SF:src\gaesup\component\inner\common\partsGroupRef.tsx
FN:7,(anonymous_9)
FN:25,(anonymous_10)
FN:27,(anonymous_11)
FN:38,(anonymous_12)
FN:39,(anonymous_13)
FN:40,(anonymous_14)
FN:44,(anonymous_15)
FN:52,(anonymous_16)
FN:71,(anonymous_17)
FNF:9
FNH:0
FNDA:0,(anonymous_9)
FNDA:0,(anonymous_10)
FNDA:0,(anonymous_11)
FNDA:0,(anonymous_12)
FNDA:0,(anonymous_13)
FNDA:0,(anonymous_14)
FNDA:0,(anonymous_15)
FNDA:0,(anonymous_16)
FNDA:0,(anonymous_17)
DA:1,0
DA:2,0
DA:3,0
DA:4,0
DA:7,0
DA:22,0
DA:23,0
DA:25,0
DA:26,0
DA:27,0
DA:28,0
DA:29,0
DA:30,0
DA:31,0
DA:32,0
DA:35,0
DA:38,0
DA:39,0
DA:40,0
DA:41,0
DA:42,0
DA:43,0
DA:44,0
DA:46,0
DA:51,0
DA:52,0
DA:53,0
DA:54,0
DA:61,0
DA:69,0
DA:72,0
LF:31
LH:0
BRDA:28,0,0,0
BRDA:42,1,0,0
BRDA:43,2,0,0
BRDA:43,2,1,0
BRDA:51,3,0,0
BRDA:53,4,0,0
BRDA:65,5,0,0
BRDA:65,5,1,0
BRDA:80,6,0,0
BRDA:80,6,1,0
BRDA:80,7,0,0
BRDA:80,7,1,0
BRF:12
BRH:0
end_of_record
TN:
SF:src\gaesup\component\inner\common\setGroundRay.ts
FN:5,useSetGroundRay
FN:8,(anonymous_1)
FNF:2
FNH:0
FNDA:0,useSetGroundRay
FNDA:0,(anonymous_1)
DA:1,0
DA:2,0
DA:5,0
DA:6,0
DA:7,0
DA:8,0
DA:9,0
DA:10,0
DA:11,0
DA:15,0
DA:17,0
LF:11
LH:0
BRF:0
BRH:0
end_of_record
TN:
SF:src\gaesup\component\inner\common\useGenericRefs.ts
FN:13,useGenericRefs
FNF:1
FNH:0
FNDA:0,useGenericRefs
DA:1,0
DA:13,0
DA:14,0
DA:15,0
DA:16,0
DA:17,0
DA:18,0
LF:7
LH:0
BRF:0
BRH:0
end_of_record
TN:
SF:src\gaesup\component\inner\rider\index.tsx
FN:17,RiderRef
FN:26,(anonymous_10)
FN:29,(anonymous_11)
FN:50,(anonymous_12)
FNF:4
FNH:0
FNDA:0,RiderRef
FNDA:0,(anonymous_10)
FNDA:0,(anonymous_11)
FNDA:0,(anonymous_12)
DA:1,0
DA:2,0
DA:3,0
DA:4,0
DA:5,0
DA:6,0
DA:7,0
DA:17,0
DA:23,0
DA:24,0
DA:25,0
DA:26,0
DA:27,0
DA:28,0
DA:29,0
DA:31,0
DA:38,0
DA:51,0
DA:52,0
DA:53,0
DA:63,0
DA:64,0
LF:22
LH:0
BRDA:33,0,0,0
BRDA:33,0,1,0
BRDA:41,1,0,0
BRDA:41,1,1,0
BRDA:52,2,0,0
BRDA:52,2,1,0
BRDA:63,3,0,0
BRF:7
BRH:0
end_of_record
TN:
SF:src\gaesup\component\inner\vehicle\collider.tsx
FN:8,(anonymous_0)
FN:26,(anonymous_1)
FNF:2
FNH:0
FNDA:0,(anonymous_0)
FNDA:0,(anonymous_1)
DA:2,0
DA:3,0
DA:5,0
DA:7,0
DA:12,0
DA:15,0
DA:25,0
DA:27,0
LF:8
LH:0
BRF:0
BRH:0
end_of_record
TN:
SF:src\gaesup\component\inner\vehicle\index.tsx
FN:5,VehicleInnerRef
FNF:1
FNH:0
FNDA:0,VehicleInnerRef
DA:1,0
DA:2,0
DA:5,0
DA:6,0
DA:10,0
LF:5
LH:0
BRF:0
BRH:0
end_of_record
TN:
SF:src\gaesup\component\inner\vehicle\wheels.tsx
FN:14,(anonymous_0)
FN:33,(anonymous_1)
FN:45,WheelsRef
FN:67,(anonymous_3)
FN:73,(anonymous_4)
FN:101,(anonymous_5)
FNF:6
FNH:0
FNDA:0,(anonymous_0)
FNDA:0,(anonymous_1)
FNDA:0,WheelsRef
FNDA:0,(anonymous_3)
FNDA:0,(anonymous_4)
FNDA:0,(anonymous_5)
DA:1,0
DA:2,0
DA:3,0
DA:9,0
DA:11,0
DA:12,0
DA:14,0
DA:27,0
DA:32,0
DA:33,0
DA:34,0
DA:35,0
DA:42,0
DA:45,0
DA:54,0
DA:58,0
DA:59,0
DA:60,0
DA:66,0
DA:67,0
DA:70,0
DA:74,0
DA:81,0
DA:82,0
DA:83,0
DA:102,0
DA:109,0
DA:110,0
DA:111,0
LF:29
LH:0
BRDA:34,0,0,0
BRDA:72,1,0,0
BRDA:72,1,1,0
BRDA:74,2,0,0
BRDA:75,3,0,0
BRDA:75,3,1,0
BRDA:75,3,2,0
BRDA:75,3,3,0
BRDA:75,3,4,0
BRDA:100,4,0,0
BRDA:100,4,1,0
BRDA:102,5,0,0
BRDA:103,6,0,0
BRDA:103,6,1,0
BRDA:103,6,2,0
BRDA:103,6,3,0
BRDA:103,6,4,0
BRF:17
BRH:0
end_of_record
TN:
SF:src\gaesup\component\passive\airplane\index.tsx
FN:8,PassiveAirplane
FN:16,(anonymous_1)
FN:21,(anonymous_2)
FN:30,(anonymous_3)
FNF:4
FNH:0
FNDA:0,PassiveAirplane
FNDA:0,(anonymous_1)
FNDA:0,(anonymous_2)
FNDA:0,(anonymous_3)
DA:1,0
DA:2,0
DA:3,0
DA:5,0
DA:6,0
DA:8,0
DA:9,0
DA:12,0
DA:13,0
DA:16,0
DA:17,0
DA:21,0
DA:22,0
DA:23,0
DA:24,0
DA:28,0
DA:31,0
DA:32,0
DA:38,0
DA:39,0
DA:47,0
DA:54,0
LF:22
LH:0
BRDA:12,0,0,0
BRDA:12,0,1,0
BRDA:13,1,0,0
BRDA:13,1,1,0
BRDA:17,2,0,0
BRDA:17,2,1,0
BRDA:29,3,0,0
BRDA:29,3,1,0
BRDA:31,4,0,0
BRDA:38,5,0,0
BRDA:43,6,0,0
BRDA:43,6,1,0
BRF:12
BRH:0
end_of_record
TN:
SF:src\gaesup\component\passive\character\index.tsx
FN:6,PassiveCharacter
FN:9,(anonymous_1)
FNF:2
FNH:0
FNDA:0,PassiveCharacter
FNDA:0,(anonymous_1)
DA:1,0
DA:2,0
DA:3,0
DA:6,0
DA:7,0
DA:9,0
DA:10,0
DA:11,0
DA:15,0
LF:9
LH:0
BRDA:10,0,0,0
BRDA:10,1,0,0
BRDA:10,1,1,0
BRDA:20,2,0,0
BRDA:20,2,1,0
BRF:5
BRH:0
end_of_record
TN:
SF:src\gaesup\component\passive\vehicle\index.tsx
FN:5,PassiveRideable
FN:28,PassiveVehicle
FNF:2
FNH:0
FNDA:0,PassiveRideable
FNDA:0,PassiveVehicle
DA:1,0
DA:2,0
DA:9,0
DA:11,0
DA:13,0
DA:15,0
DA:28,0
DA:29,0
LF:8
LH:0
BRDA:11,0,0,0
BRDA:11,0,1,0
BRDA:13,1,0,0
BRF:3
BRH:0
end_of_record
TN:
SF:src\gaesup\context\index.tsx
FN:136,gaesupWorldReducer
FN:266,(anonymous_1)
FN:267,(anonymous_2)
FN:268,(anonymous_3)
FN:269,(anonymous_4)
FN:280,(anonymous_5)
FN:286,GaesupProvider
FN:292,(anonymous_7)
FN:304,useGaesup
FN:312,useGaesupContext
FN:315,useGaesupDispatch
FN:319,(anonymous_11)
FN:323,(anonymous_12)
FNF:13
FNH:0
FNDA:0,gaesupWorldReducer
FNDA:0,(anonymous_1)
FNDA:0,(anonymous_2)
FNDA:0,(anonymous_3)
FNDA:0,(anonymous_4)
FNDA:0,(anonymous_5)
FNDA:0,GaesupProvider
FNDA:0,(anonymous_7)
FNDA:0,useGaesup
FNDA:0,useGaesupContext
FNDA:0,useGaesupDispatch
FNDA:0,(anonymous_11)
FNDA:0,(anonymous_12)
DA:3,0
DA:4,0
DA:5,0
DA:7,0
DA:42,0
DA:136,0
DA:143,0
DA:145,0
DA:147,0
DA:149,0
DA:152,0
DA:278,0
DA:279,0
DA:286,0
DA:287,0
DA:291,0
DA:292,0
DA:293,0
DA:298,0
DA:304,0
DA:305,0
DA:306,0
DA:307,0
DA:308,0
DA:310,0
DA:312,0
DA:313,0
DA:315,0
DA:316,0
DA:319,0
DA:323,0
DA:324,0
LF:32
LH:0
BRDA:143,0,0,0
BRDA:143,0,1,0
BRDA:143,0,2,0
BRDA:286,1,0,0
BRDA:307,2,0,0
BRDA:307,3,0,0
BRDA:307,3,1,0
BRF:7
BRH:0
end_of_record
TN:
SF:src\gaesup\controller\index.tsx
FN:14,GaesupController
FN:17,GaesupControllerInner
FN:46,(anonymous_3)
FN:47,(anonymous_4)
FN:48,(anonymous_5)
FN:49,(anonymous_6)
FNF:6
FNH:0
FNDA:0,GaesupController
FNDA:0,GaesupControllerInner
FNDA:0,(anonymous_3)
FNDA:0,(anonymous_4)
FNDA:0,(anonymous_5)
FNDA:0,(anonymous_6)
DA:3,0
DA:5,0
DA:7,0
DA:8,0
DA:9,0
DA:10,0
DA:11,0
DA:14,0
DA:15,0
DA:17,0
DA:18,0
DA:19,0
DA:20,0
DA:21,0
DA:22,0
DA:23,0
DA:24,0
DA:25,0
DA:26,0
DA:34,0
DA:52,0
DA:53,0
LF:22
LH:0
BRDA:37,0,0,0
BRDA:37,0,1,0
BRDA:38,1,0,0
BRDA:38,1,1,0
BRDA:39,2,0,0
BRDA:39,2,1,0
BRDA:45,3,0,0
BRDA:45,3,1,0
BRDA:46,4,0,0
BRDA:46,4,1,0
BRDA:47,5,0,0
BRDA:47,5,1,0
BRDA:48,6,0,0
BRDA:48,6,1,0
BRDA:49,7,0,0
BRDA:49,7,1,0
BRF:16
BRH:0
end_of_record
TN:
SF:src\gaesup\controller\initialize\index.ts
FN:10,initControllerProps
FN:14,(anonymous_10)
FN:22,(anonymous_11)
FN:32,(anonymous_12)
FN:44,(anonymous_13)
FN:59,(anonymous_14)
FN:72,(anonymous_15)
FNF:7
FNH:0
FNDA:0,initControllerProps
FNDA:0,(anonymous_10)
FNDA:0,(anonymous_11)
FNDA:0,(anonymous_12)
FNDA:0,(anonymous_13)
FNDA:0,(anonymous_14)
FNDA:0,(anonymous_15)
DA:1,0
DA:2,0
DA:3,0
DA:4,0
DA:5,0
DA:7,0
DA:8,0
DA:10,0
DA:11,0
DA:12,0
DA:13,0
DA:14,0
DA:15,0
DA:16,0
DA:17,0
DA:19,0
DA:22,0
DA:23,0
DA:24,0
DA:32,0
DA:33,0
DA:44,0
DA:45,0
DA:58,0
DA:60,0
DA:72,0
DA:73,0
DA:74,0
DA:78,0
LF:29
LH:0
BRDA:15,0,0,0
BRDA:16,1,0,0
BRDA:16,1,1,0
BRDA:17,2,0,0
BRDA:17,2,1,0
BRDA:23,3,0,0
BRDA:73,4,0,0
BRF:7
BRH:0
end_of_record
TN:
SF:src\gaesup\controller\initialize\callback\index.ts
FN:11,initCallback
FN:29,(anonymous_1)
FN:58,(anonymous_2)
FN:67,(anonymous_3)
FN:71,(anonymous_4)
FN:78,(anonymous_5)
FN:88,(anonymous_6)
FNF:7
FNH:0
FNDA:0,initCallback
FNDA:0,(anonymous_1)
FNDA:0,(anonymous_2)
FNDA:0,(anonymous_3)
FNDA:0,(anonymous_4)
FNDA:0,(anonymous_5)
FNDA:0,(anonymous_6)
DA:1,0
DA:5,0
DA:6,0
DA:7,0
DA:11,0
DA:22,0
DA:23,0
DA:24,0
DA:25,0
DA:26,0
DA:28,0
DA:30,0
DA:31,0
DA:32,0
DA:33,0
DA:34,0
DA:35,0
DA:36,0
DA:37,0
DA:39,0
DA:57,0
DA:58,0
DA:67,0
DA:68,0
DA:69,0
DA:71,0
DA:72,0
DA:73,0
DA:77,0
DA:78,0
DA:86,0
DA:89,0
DA:90,0
DA:92,0
DA:93,0
DA:102,0
LF:36
LH:0
BRDA:30,0,0,0
BRDA:31,1,0,0
BRDA:31,2,0,0
BRDA:31,2,1,0
BRDA:33,3,0,0
BRDA:36,4,0,0
BRDA:68,5,0,0
BRDA:72,6,0,0
BRDA:89,7,0,0
BRDA:92,8,0,0
BRDA:100,9,0,0
BRDA:100,9,1,0
BRF:12
BRH:0
end_of_record
TN:
SF:src\gaesup\debug\PerformanceDisplay.tsx
FN:28,PerfMonitor
FN:46,(anonymous_1)
FN:94,(anonymous_2)
FN:109,(anonymous_3)
FN:114,(anonymous_4)
FN:120,(anonymous_5)
FNF:6
FNH:0
FNDA:0,PerfMonitor
FNDA:0,(anonymous_1)
FNDA:0,(anonymous_2)
FNDA:0,(anonymous_3)
FNDA:0,(anonymous_4)
FNDA:0,(anonymous_5)
DA:1,0
DA:2,0
DA:28,0
DA:34,0
DA:41,0
DA:42,0
DA:43,0
DA:44,0
DA:46,0
DA:47,0
DA:48,0
DA:49,0
DA:50,0
DA:51,0
DA:52,0
DA:53,0
DA:54,0
DA:55,0
DA:61,0
DA:62,0
DA:70,0
DA:77,0
DA:78,0
DA:81,0
DA:82,0
DA:95,0
DA:97,0
DA:99,0
DA:101,0
DA:103,0
DA:105,0
DA:109,0
DA:110,0
DA:111,0
DA:112,0
DA:113,0
DA:114,0
DA:115,0
DA:116,0
DA:120,0
DA:121,0
DA:122,0
DA:123,0
DA:156,0
DA:159,0
LF:45
LH:0
BRDA:29,0,0,0
BRDA:30,1,0,0
BRDA:31,2,0,0
BRDA:32,3,0,0
BRDA:51,4,0,0
BRDA:54,5,0,0
BRDA:65,6,0,0
BRDA:65,6,1,0
BRDA:81,7,0,0
BRDA:95,8,0,0
BRDA:95,8,1,0
BRDA:95,8,2,0
BRDA:95,8,3,0
BRDA:95,8,4,0
BRDA:115,9,0,0
BRDA:122,10,0,0
BRDA:129,11,0,0
BRDA:129,11,1,0
BRDA:129,12,0,0
BRDA:129,12,1,0
BRDA:132,13,0,0
BRDA:132,13,1,0
BRDA:132,14,0,0
BRDA:132,14,1,0
BRDA:138,15,0,0
BRDA:138,15,1,0
BRF:26
BRH:0
end_of_record
TN:
SF:src\gaesup\events\EventBus.ts
FN:7,(anonymous_0)
FN:10,(anonymous_1)
FN:11,(anonymous_2)
FN:18,(anonymous_3)
FN:23,(anonymous_4)
FN:32,(anonymous_5)
FN:33,(anonymous_6)
FN:38,(anonymous_7)
FN:39,(anonymous_8)
FN:45,(anonymous_9)
FN:54,useEventBus
FN:62,(anonymous_11)
FN:63,(anonymous_12)
FN:72,(anonymous_13)
FN:81,(anonymous_14)
FNF:15
FNH:0
FNDA:0,(anonymous_0)
FNDA:0,(anonymous_1)
FNDA:0,(anonymous_2)
FNDA:0,(anonymous_3)
FNDA:0,(anonymous_4)
FNDA:0,(anonymous_5)
FNDA:0,(anonymous_6)
FNDA:0,(anonymous_7)
FNDA:0,(anonymous_8)
FNDA:0,(anonymous_9)
FNDA:0,useEventBus
FNDA:0,(anonymous_11)
FNDA:0,(anonymous_12)
FNDA:0,(anonymous_13)
FNDA:0,(anonymous_14)
DA:1,0
DA:6,0
DA:8,0
DA:11,0
DA:12,0
DA:13,0
DA:15,0
DA:16,0
DA:17,0
DA:18,0
DA:19,0
DA:20,0
DA:24,0
DA:30,0
DA:33,0
DA:34,0
DA:35,0
DA:39,0
DA:40,0
DA:41,0
DA:43,0
DA:46,0
DA:53,0
DA:54,0
DA:59,0
DA:60,0
DA:62,0
DA:63,0
DA:64,0
DA:67,0
DA:71,0
DA:73,0
DA:82,0
DA:92,0
LF:34
LH:0
BRDA:57,0,0,0
BRDA:75,1,0,0
BRDA:75,1,1,0
BRDA:77,2,0,0
BRDA:77,2,1,0
BRDA:83,3,0,0
BRDA:83,3,1,0
BRDA:85,4,0,0
BRDA:85,4,1,0
BRF:9
BRH:0
end_of_record
TN:
SF:src\gaesup\gaesupProps\index.tsx
FN:8,GaeSupProps
FN:22,(anonymous_10)
FN:34,(anonymous_11)
FN:48,(anonymous_12)
FNF:4
FNH:0
FNDA:0,GaeSupProps
FNDA:0,(anonymous_10)
FNDA:0,(anonymous_11)
FNDA:0,(anonymous_12)
DA:1,0
DA:2,0
DA:3,0
DA:4,0
DA:5,0
DA:6,0
DA:8,0
DA:19,0
DA:20,0
DA:21,0
DA:22,0
DA:23,0
DA:24,0
DA:25,0
DA:26,0
DA:27,0
DA:34,0
DA:44,0
DA:49,0
DA:50,0
LF:20
LH:0
BRDA:9,0,0,0
BRDA:23,1,0,0
BRDA:23,2,0,0
BRDA:23,2,1,0
BRDA:28,3,0,0
BRDA:28,3,1,0
BRDA:49,4,0,0
BRF:7
BRH:0
end_of_record
TN:
SF:src\gaesup\hooks\useForwardRef.ts
FN:3,(anonymous_0)
FN:5,(anonymous_1)
FNF:2
FNH:0
FNDA:0,(anonymous_0)
FNDA:0,(anonymous_1)
DA:1,0
DA:3,0
DA:4,0
DA:5,0
DA:6,0
DA:7,0
DA:8,0
DA:10,0
DA:13,0
LF:9
LH:0
BRDA:3,0,0,0
BRDA:6,1,0,0
BRDA:7,2,0,0
BRDA:7,2,1,0
BRF:4
BRH:0
end_of_record
TN:
SF:src\gaesup\hooks\useInputControls.ts
FN:9,usePushKey
FN:11,(anonymous_1)
FN:21,useClicker
FN:24,(anonymous_3)
FN:38,(anonymous_4)
FN:50,useTeleport
FN:52,(anonymous_6)
FNF:7
FNH:0
FNDA:0,usePushKey
FNDA:0,(anonymous_1)
FNDA:0,useClicker
FNDA:0,(anonymous_3)
FNDA:0,(anonymous_4)
FNDA:0,useTeleport
FNDA:0,(anonymous_6)
DA:2,0
DA:3,0
DA:5,0
DA:6,0
DA:7,0
DA:9,0
DA:10,0
DA:11,0
DA:12,0
DA:16,0
DA:21,0
DA:22,0
DA:23,0
DA:24,0
DA:25,0
DA:26,0
DA:27,0
DA:28,0
DA:29,0
DA:30,0
DA:31,0
DA:38,0
DA:39,0
DA:44,0
DA:50,0
DA:51,0
DA:52,0
DA:53,0
DA:59,0
DA:61,0
LF:30
LH:0
BRDA:25,0,0,0
BRDA:53,1,0,0
BRDA:54,2,0,0
BRDA:54,2,1,0
BRDA:54,2,2,0
BRDA:54,2,3,0
BRF:6
BRH:0
end_of_record
TN:
SF:src\gaesup\hooks\useBridgeConnector\index.ts
FN:19,(anonymous_0)
FN:35,(anonymous_1)
FN:74,(anonymous_2)
FN:102,(anonymous_3)
FN:103,(anonymous_4)
FNF:5
FNH:0
FNDA:0,(anonymous_0)
FNDA:0,(anonymous_1)
FNDA:0,(anonymous_2)
FNDA:0,(anonymous_3)
FNDA:0,(anonymous_4)
DA:1,0
DA:2,0
DA:3,0
DA:4,0
DA:5,0
DA:6,0
DA:7,0
DA:8,0
DA:19,0
DA:25,0
DA:26,0
DA:27,0
DA:28,0
DA:29,0
DA:30,0
DA:31,0
DA:32,0
DA:33,0
DA:34,0
DA:35,0
DA:36,0
DA:37,0
DA:38,0
DA:39,0
DA:46,0
DA:47,0
DA:54,0
DA:55,0
DA:67,0
DA:68,0
DA:69,0
DA:70,0
DA:71,0
DA:72,0
DA:73,0
DA:74,0
DA:76,0
DA:82,0
DA:83,0
DA:86,0
DA:87,0
DA:88,0
DA:89,0
DA:90,0
DA:92,0
DA:102,0
DA:103,0
DA:106,0
DA:107,0
DA:120,0
DA:122,0
LF:51
LH:0
BRDA:36,0,0,0
BRDA:38,1,0,0
BRDA:42,2,0,0
BRDA:42,2,1,0
BRDA:46,3,0,0
BRDA:50,4,0,0
BRDA:50,4,1,0
BRDA:54,5,0,0
BRDA:58,6,0,0
BRDA:58,6,1,0
BRDA:76,7,0,0
BRDA:76,7,1,0
BRDA:76,7,2,0
BRDA:76,7,3,0
BRDA:76,7,4,0
BRDA:82,8,0,0
BRDA:82,9,0,0
BRDA:82,9,1,0
BRDA:138,10,0,0
BRDA:138,10,1,0
BRDA:138,10,2,0
BRF:21
BRH:0
end_of_record
TN:
SF:src\gaesup\hooks\useCharacterPool\index.ts
FN:33,(anonymous_9)
FN:50,(anonymous_10)
FN:67,(anonymous_11)
FN:76,(anonymous_12)
FN:86,(anonymous_13)
FN:124,(anonymous_14)
FN:134,(anonymous_15)
FN:144,(anonymous_16)
FN:160,useCharacterPool
FN:161,(anonymous_18)
FN:173,(anonymous_19)
FN:183,(anonymous_20)
FN:190,(anonymous_21)
FN:197,(anonymous_22)
FN:203,(anonymous_23)
FN:207,(anonymous_24)
FN:212,(anonymous_25)
FNF:17
FNH:0
FNDA:0,(anonymous_9)
FNDA:0,(anonymous_10)
FNDA:0,(anonymous_11)
FNDA:0,(anonymous_12)
FNDA:0,(anonymous_13)
FNDA:0,(anonymous_14)
FNDA:0,(anonymous_15)
FNDA:0,(anonymous_16)
FNDA:0,useCharacterPool
FNDA:0,(anonymous_18)
FNDA:0,(anonymous_19)
FNDA:0,(anonymous_20)
FNDA:0,(anonymous_21)
FNDA:0,(anonymous_22)
FNDA:0,(anonymous_23)
FNDA:0,(anonymous_24)
FNDA:0,(anonymous_25)
DA:1,0
DA:2,0
DA:3,0
DA:22,0
DA:23,0
DA:24,0
DA:26,0
DA:28,0
DA:34,0
DA:35,0
DA:36,0
DA:37,0
DA:38,0
DA:39,0
DA:51,0
DA:52,0
DA:54,0
DA:55,0
DA:56,0
DA:57,0
DA:58,0
DA:59,0
DA:62,0
DA:64,0
DA:68,0
DA:69,0
DA:70,0
DA:71,0
DA:72,0
DA:77,0
DA:78,0
DA:79,0
DA:80,0
DA:81,0
DA:88,0
DA:89,0
DA:91,0
DA:94,0
DA:95,0
DA:98,0
DA:101,0
DA:102,0
DA:107,0
DA:108,0
DA:109,0
DA:110,0
DA:112,0
DA:115,0
DA:116,0
DA:120,0
DA:126,0
DA:127,0
DA:128,0
DA:129,0
DA:131,0
DA:135,0
DA:145,0
DA:154,0
DA:160,0
DA:161,0
DA:162,0
DA:164,0
DA:165,0
DA:168,0
DA:171,0
DA:174,0
DA:175,0
DA:176,0
DA:182,0
DA:184,0
DA:189,0
DA:191,0
DA:196,0
DA:198,0
DA:203,0
DA:204,0
DA:207,0
DA:208,0
DA:212,0
DA:213,0
DA:216,0
LF:81
LH:0
BRDA:52,0,0,0
BRDA:69,1,0,0
BRDA:69,2,0,0
BRDA:69,2,1,0
BRDA:78,3,0,0
BRDA:78,4,0,0
BRDA:78,4,1,0
BRDA:88,5,0,0
BRDA:101,6,0,0
BRDA:107,7,0,0
BRDA:107,7,1,0
BRDA:109,8,0,0
BRDA:109,8,1,0
BRDA:115,9,0,0
BRDA:160,10,0,0
BRDA:164,11,0,0
BRDA:183,12,0,0
BRF:17
BRH:0
end_of_record
TN:
SF:src\gaesup\hooks\useFocus\index.tsx
FN:11,useFocus
FN:17,(anonymous_1)
FN:18,(anonymous_2)
FN:25,(anonymous_3)
FN:26,(anonymous_4)
FN:33,(anonymous_5)
FN:34,(anonymous_6)
FN:40,(anonymous_7)
FN:41,(anonymous_8)
FN:47,(anonymous_9)
FN:56,(anonymous_10)
FN:65,(anonymous_11)
FN:66,(anonymous_12)
FN:78,(anonymous_13)
FN:79,(anonymous_14)
FN:86,(anonymous_15)
FN:101,(anonymous_16)
FNF:17
FNH:0
FNDA:0,useFocus
FNDA:0,(anonymous_1)
FNDA:0,(anonymous_2)
FNDA:0,(anonymous_3)
FNDA:0,(anonymous_4)
FNDA:0,(anonymous_5)
FNDA:0,(anonymous_6)
FNDA:0,(anonymous_7)
FNDA:0,(anonymous_8)
FNDA:0,(anonymous_9)
FNDA:0,(anonymous_10)
FNDA:0,(anonymous_11)
FNDA:0,(anonymous_12)
FNDA:0,(anonymous_13)
FNDA:0,(anonymous_14)
FNDA:0,(anonymous_15)
FNDA:0,(anonymous_16)
DA:1,0
DA:2,0
DA:4,0
DA:5,0
DA:9,0
DA:11,0
DA:12,0
DA:13,0
DA:14,0
DA:15,0
DA:17,0
DA:18,0
DA:25,0
DA:26,0
DA:33,0
DA:34,0
DA:40,0
DA:41,0
DA:47,0
DA:56,0
DA:57,0
DA:58,0
DA:59,0
DA:60,0
DA:61,0
DA:65,0
DA:66,0
DA:67,0
DA:68,0
DA:69,0
DA:73,0
DA:74,0
DA:78,0
DA:79,0
DA:80,0
DA:81,0
DA:82,0
DA:86,0
DA:95,0
DA:96,0
DA:97,0
DA:98,0
DA:101,0
DA:102,0
DA:103,0
DA:104,0
DA:107,0
DA:110,0
LF:48
LH:0
BRDA:58,0,0,0
BRDA:68,1,0,0
BRF:2
BRH:0
end_of_record
TN:
SF:src\gaesup\hooks\useGaesupAnimation\index.tsx
FN:15,useGaesupAnimation
FN:16,(anonymous_1)
FN:17,(anonymous_2)
FN:18,(anonymous_3)
FN:19,(anonymous_4)
FN:26,(anonymous_5)
FN:42,(anonymous_6)
FN:49,(anonymous_7)
FN:53,(anonymous_8)
FN:63,(anonymous_9)
FN:67,(anonymous_10)
FN:90,(anonymous_11)
FN:91,(anonymous_12)
FN:99,(anonymous_13)
FN:103,(anonymous_14)
FNF:15
FNH:0
FNDA:0,useGaesupAnimation
FNDA:0,(anonymous_1)
FNDA:0,(anonymous_2)
FNDA:0,(anonymous_3)
FNDA:0,(anonymous_4)
FNDA:0,(anonymous_5)
FNDA:0,(anonymous_6)
FNDA:0,(anonymous_7)
FNDA:0,(anonymous_8)
FNDA:0,(anonymous_9)
FNDA:0,(anonymous_10)
FNDA:0,(anonymous_11)
FNDA:0,(anonymous_12)
FNDA:0,(anonymous_13)
FNDA:0,(anonymous_14)
DA:1,0
DA:2,0
DA:3,0
DA:15,0
DA:16,0
DA:17,0
DA:18,0
DA:19,0
DA:21,0
DA:22,0
DA:23,0
DA:24,0
DA:26,0
DA:27,0
DA:28,0
DA:29,0
DA:30,0
DA:31,0
DA:32,0
DA:35,0
DA:36,0
DA:38,0
DA:41,0
DA:43,0
DA:48,0
DA:50,0
DA:57,0
DA:62,0
DA:64,0
DA:65,0
DA:66,0
DA:67,0
DA:68,0
DA:69,0
DA:77,0
DA:82,0
DA:83,0
DA:85,0
DA:87,0
DA:88,0
DA:90,0
DA:91,0
DA:92,0
DA:99,0
DA:100,0
DA:103,0
DA:104,0
DA:107,0
LF:48
LH:0
BRDA:30,0,0,0
BRDA:31,1,0,0
BRDA:31,1,1,0
BRDA:35,2,0,0
BRDA:53,3,0,0
BRDA:53,3,1,0
BRDA:54,4,0,0
BRDA:54,4,1,0
BRDA:55,5,0,0
BRDA:55,5,1,0
BRDA:77,6,0,0
BRDA:78,7,0,0
BRDA:78,7,1,0
BRDA:78,7,2,0
BRDA:87,8,0,0
BRF:15
BRH:0
end_of_record
TN:
SF:src\gaesup\hooks\useGaesupController\index.ts
FN:7,useGaesupController
FNF:1
FNH:0
FNDA:0,useGaesupController
DA:1,0
DA:2,0
DA:3,0
DA:5,0
DA:7,0
DA:8,0
DA:9,0
DA:10,0
LF:8
LH:0
BRDA:14,0,0,0
BRDA:14,0,1,0
BRF:2
BRH:0
end_of_record
TN:
SF:src\gaesup\hooks\useGaesupGltf\index.tsx
FN:17,(anonymous_9)
FN:22,(anonymous_10)
FN:27,(anonymous_11)
FN:49,(anonymous_12)
FN:63,(anonymous_13)
FN:74,(anonymous_14)
FN:88,(anonymous_15)
FN:95,(anonymous_16)
FN:99,(anonymous_17)
FN:103,(anonymous_18)
FN:111,(anonymous_19)
FN:114,(anonymous_20)
FN:115,(anonymous_21)
FN:122,(anonymous_22)
FN:133,(anonymous_23)
FN:138,(anonymous_24)
FN:142,(anonymous_25)
FN:157,(anonymous_26)
FN:158,(anonymous_27)
FN:162,(anonymous_28)
FN:178,(anonymous_29)
FN:180,(anonymous_30)
FNF:22
FNH:0
FNDA:0,(anonymous_9)
FNDA:0,(anonymous_10)
FNDA:0,(anonymous_11)
FNDA:0,(anonymous_12)
FNDA:0,(anonymous_13)
FNDA:0,(anonymous_14)
FNDA:0,(anonymous_15)
FNDA:0,(anonymous_16)
FNDA:0,(anonymous_17)
FNDA:0,(anonymous_18)
FNDA:0,(anonymous_19)
FNDA:0,(anonymous_20)
FNDA:0,(anonymous_21)
FNDA:0,(anonymous_22)
FNDA:0,(anonymous_23)
FNDA:0,(anonymous_24)
FNDA:0,(anonymous_25)
FNDA:0,(anonymous_26)
FNDA:0,(anonymous_27)
FNDA:0,(anonymous_28)
FNDA:0,(anonymous_29)
FNDA:0,(anonymous_30)
DA:1,0
DA:2,0
DA:3,0
DA:4,0
DA:5,0
DA:8,0
DA:17,0
DA:18,0
DA:19,0
DA:20,0
DA:21,0
DA:22,0
DA:23,0
DA:24,0
DA:25,0
DA:26,0
DA:27,0
DA:29,0
DA:34,0
DA:49,0
DA:52,0
DA:53,0
DA:55,0
DA:56,0
DA:58,0
DA:59,0
DA:61,0
DA:63,0
DA:64,0
DA:65,0
DA:67,0
DA:68,0
DA:70,0
DA:74,0
DA:75,0
DA:76,0
DA:77,0
DA:78,0
DA:80,0
DA:88,0
DA:89,0
DA:90,0
DA:95,0
DA:96,0
DA:97,0
DA:98,0
DA:99,0
DA:103,0
DA:104,0
DA:105,0
DA:107,0
DA:110,0
DA:112,0
DA:113,0
DA:114,0
DA:115,0
DA:121,0
DA:123,0
DA:124,0
DA:125,0
DA:130,0
DA:133,0
DA:134,0
DA:135,0
DA:137,0
DA:139,0
DA:140,0
DA:142,0
DA:143,0
DA:144,0
DA:145,0
DA:147,0
DA:151,0
DA:156,0
DA:158,0
DA:160,0
DA:162,0
DA:163,0
DA:164,0
DA:165,0
DA:166,0
DA:167,0
DA:169,0
DA:171,0
DA:172,0
DA:176,0
DA:178,0
DA:179,0
DA:180,0
DA:181,0
DA:182,0
DA:185,0
DA:191,0
LF:93
LH:0
BRDA:19,0,0,0
BRDA:21,1,0,0
BRDA:23,2,0,0
BRDA:25,3,0,0
BRDA:26,4,0,0
BRDA:26,4,1,0
BRDA:55,5,0,0
BRDA:55,5,1,0
BRDA:56,6,0,0
BRDA:56,6,1,0
BRDA:64,7,0,0
BRDA:64,8,0,0
BRDA:64,8,1,0
BRDA:75,9,0,0
BRDA:75,10,0,0
BRDA:75,10,1,0
BRDA:77,11,0,0
BRDA:77,11,1,0
BRDA:89,12,0,0
BRDA:89,13,0,0
BRDA:89,13,1,0
BRDA:96,14,0,0
BRDA:96,15,0,0
BRDA:96,15,1,0
BRDA:96,15,2,0
BRDA:96,15,3,0
BRDA:96,15,4,0
BRDA:104,16,0,0
BRDA:107,17,0,0
BRDA:107,17,1,0
BRDA:112,18,0,0
BRDA:113,19,0,0
BRDA:113,19,1,0
BRDA:123,20,0,0
BRDA:124,21,0,0
BRDA:124,21,1,0
BRDA:125,22,0,0
BRDA:125,22,1,0
BRDA:140,23,0,0
BRDA:144,24,0,0
BRDA:144,24,1,0
BRDA:144,25,0,0
BRDA:144,25,1,0
BRDA:158,26,0,0
BRDA:158,26,1,0
BRDA:160,27,0,0
BRDA:165,28,0,0
BRDA:165,29,0,0
BRDA:165,29,1,0
BRDA:181,30,0,0
BRF:50
BRH:0
end_of_record
TN:
SF:src\gaesup\hooks\useInputValidation\index.ts
FN:14,useInputValidation
FN:21,(anonymous_1)
FN:56,(anonymous_2)
FN:65,(anonymous_3)
FN:70,(anonymous_4)
FNF:5
FNH:0
FNDA:0,useInputValidation
FNDA:0,(anonymous_1)
FNDA:0,(anonymous_2)
FNDA:0,(anonymous_3)
FNDA:0,(anonymous_4)
DA:1,0
DA:2,0
DA:3,0
DA:14,0
DA:18,0
DA:19,0
DA:21,0
DA:22,0
DA:23,0
DA:24,0
DA:26,0
DA:27,0
DA:29,0
DA:30,0
DA:31,0
DA:35,0
DA:36,0
DA:37,0
DA:38,0
DA:41,0
DA:42,0
DA:43,0
DA:46,0
DA:56,0
DA:62,0
DA:65,0
DA:66,0
DA:67,0
DA:68,0
DA:70,0
DA:71,0
DA:72,0
DA:74,0
DA:75,0
DA:78,0
DA:79,0
DA:81,0
DA:90,0
DA:91,0
DA:93,0
LF:40
LH:0
BRDA:29,0,0,0
BRDA:29,1,0,0
BRDA:29,1,1,0
BRDA:35,2,0,0
BRDA:35,2,1,0
BRDA:35,2,2,0
BRDA:35,2,3,0
BRDA:36,3,0,0
BRDA:41,4,0,0
BRDA:41,5,0,0
BRDA:41,5,1,0
BRDA:65,6,0,0
BRDA:74,7,0,0
BRDA:74,8,0,0
BRDA:74,8,1,0
BRDA:86,9,0,0
BRDA:86,9,1,0
BRF:17
BRH:0
end_of_record
TN:
SF:src\gaesup\hooks\useKeyboard\index.ts
FN:7,useKeyboard
FN:13,(anonymous_1)
FN:14,(anonymous_2)
FN:49,(anonymous_3)
FN:67,(anonymous_4)
FN:74,(anonymous_5)
FN:75,(anonymous_6)
FN:97,(anonymous_7)
FNF:8
FNH:0
FNDA:0,useKeyboard
FNDA:0,(anonymous_1)
FNDA:0,(anonymous_2)
FNDA:0,(anonymous_3)
FNDA:0,(anonymous_4)
FNDA:0,(anonymous_5)
FNDA:0,(anonymous_6)
FNDA:0,(anonymous_7)
DA:1,0
DA:2,0
DA:3,0
DA:4,0
DA:5,0
DA:7,0
DA:8,0
DA:9,0
DA:10,0
DA:11,0
DA:12,0
DA:13,0
DA:14,0
DA:15,0
DA:17,0
DA:19,0
DA:22,0
DA:23,0
DA:27,0
DA:29,0
DA:36,0
DA:43,0
DA:49,0
DA:50,0
DA:52,0
DA:53,0
DA:56,0
DA:63,0
DA:64,0
DA:67,0
DA:68,0
DA:69,0
DA:74,0
DA:75,0
DA:76,0
DA:78,0
DA:79,0
DA:95,0
DA:97,0
DA:98,0
DA:102,0
LF:41
LH:0
BRDA:17,0,0,0
BRDA:17,1,0,0
BRDA:17,1,1,0
BRDA:22,2,0,0
BRDA:27,3,0,0
BRDA:27,4,0,0
BRDA:27,4,1,0
BRDA:52,5,0,0
BRDA:52,6,0,0
BRDA:52,6,1,0
BRDA:76,7,0,0
BRF:11
BRH:0
end_of_record
TN:
SF:src\gaesup\hooks\useMovePoint\index.ts
FN:9,useMovePoint
FN:13,(anonymous_1)
FNF:2
FNH:0
FNDA:0,useMovePoint
FNDA:0,(anonymous_1)
DA:1,0
DA:2,0
DA:3,0
DA:5,0
DA:6,0
DA:7,0
DA:9,0
DA:10,0
DA:11,0
DA:13,0
DA:14,0
DA:15,0
DA:16,0
DA:18,0
DA:26,0
LF:15
LH:0
BRF:0
BRH:0
end_of_record
TN:
SF:src\gaesup\hooks\usePhysicsInput\index.ts
FN:9,usePhysicsInput
FN:23,(anonymous_10)
FN:24,(anonymous_11)
FN:25,(anonymous_12)
FN:26,(anonymous_13)
FNF:5
FNH:0
FNDA:0,usePhysicsInput
FNDA:0,(anonymous_10)
FNDA:0,(anonymous_11)
FNDA:0,(anonymous_12)
FNDA:0,(anonymous_13)
DA:1,0
DA:2,0
DA:9,0
DA:10,0
DA:26,0
DA:29,0
DA:30,0
DA:46,0
LF:8
LH:0
BRDA:29,0,0,0
BRDA:29,1,0,0
BRDA:29,1,1,0
BRDA:32,2,0,0
BRDA:32,2,1,0
BRDA:38,3,0,0
BRDA:38,3,1,0
BRF:7
BRH:0
end_of_record
TN:
SF:src\gaesup\hooks\useRayHit\index.ts
FN:6,useRayHit
FN:10,(anonymous_1)
FNF:2
FNH:0
FNDA:0,useRayHit
FNDA:0,(anonymous_1)
DA:2,0
DA:3,0
DA:6,0
DA:7,0
DA:9,0
DA:11,0
DA:24,0
LF:7
LH:0
BRDA:17,0,0,0
BRDA:17,0,1,0
BRF:2
BRH:0
end_of_record
TN:
SF:src\gaesup\hooks\useRideable\index.tsx
FN:20,useRideable
FN:25,(anonymous_1)
FN:26,(anonymous_2)
FN:44,(anonymous_3)
FN:56,(anonymous_4)
FN:68,(anonymous_5)
FN:75,(anonymous_6)
FN:79,(anonymous_7)
FN:83,(anonymous_8)
FN:111,(anonymous_9)
FN:130,(anonymous_10)
FN:145,(anonymous_11)
FN:163,(anonymous_12)
FN:177,(anonymous_13)
FN:198,(anonymous_14)
FN:204,(anonymous_15)
FNF:16
FNH:0
FNDA:0,useRideable
FNDA:0,(anonymous_1)
FNDA:0,(anonymous_2)
FNDA:0,(anonymous_3)
FNDA:0,(anonymous_4)
FNDA:0,(anonymous_5)
FNDA:0,(anonymous_6)
FNDA:0,(anonymous_7)
FNDA:0,(anonymous_8)
FNDA:0,(anonymous_9)
FNDA:0,(anonymous_10)
FNDA:0,(anonymous_11)
FNDA:0,(anonymous_12)
FNDA:0,(anonymous_13)
FNDA:0,(anonymous_14)
FNDA:0,(anonymous_15)
DA:1,0
DA:2,0
DA:3,0
DA:4,0
DA:5,0
DA:8,0
DA:20,0
DA:21,0
DA:22,0
DA:23,0
DA:24,0
DA:25,0
DA:26,0
DA:27,0
DA:41,0
DA:44,0
DA:45,0
DA:46,0
DA:47,0
DA:56,0
DA:57,0
DA:58,0
DA:59,0
DA:68,0
DA:69,0
DA:75,0
DA:76,0
DA:79,0
DA:80,0
DA:83,0
DA:84,0
DA:85,0
DA:86,0
DA:87,0
DA:88,0
DA:89,0
DA:90,0
DA:91,0
DA:92,0
DA:93,0
DA:94,0
DA:95,0
DA:100,0
DA:111,0
DA:112,0
DA:113,0
DA:114,0
DA:115,0
DA:116,0
DA:117,0
DA:120,0
DA:130,0
DA:131,0
DA:132,0
DA:133,0
DA:134,0
DA:135,0
DA:136,0
DA:145,0
DA:146,0
DA:147,0
DA:152,0
DA:154,0
DA:163,0
DA:164,0
DA:165,0
DA:166,0
DA:168,0
DA:177,0
DA:178,0
DA:179,0
DA:180,0
DA:181,0
DA:182,0
DA:184,0
DA:185,0
DA:187,0
DA:198,0
DA:199,0
DA:200,0
DA:204,0
DA:205,0
DA:208,0
LF:83
LH:0
BRDA:45,0,0,0
BRDA:57,1,0,0
BRDA:90,2,0,0
BRDA:90,2,1,0
BRDA:94,3,0,0
BRDA:94,4,0,0
BRDA:94,4,1,0
BRDA:112,5,0,0
BRDA:112,5,1,0
BRDA:112,5,2,0
BRDA:113,6,0,0
BRDA:113,6,1,0
BRDA:115,7,0,0
BRDA:115,7,1,0
BRDA:116,8,0,0
BRDA:146,9,0,0
BRDA:146,10,0,0
BRDA:146,10,1,0
BRDA:150,11,0,0
BRDA:150,11,1,0
BRDA:164,12,0,0
BRDA:178,13,0,0
BRDA:178,14,0,0
BRDA:178,14,1,0
BRDA:178,14,2,0
BRDA:180,15,0,0
BRDA:180,15,1,0
BRDA:199,16,0,0
BRDA:199,17,0,0
BRDA:199,17,1,0
BRF:30
BRH:0
end_of_record
TN:
SF:src\gaesup\hooks\useUnifiedFrame\index.ts
FN:12,(anonymous_0)
FN:19,(anonymous_1)
FN:23,(anonymous_2)
FN:40,(anonymous_3)
FN:46,(anonymous_4)
FN:54,(anonymous_5)
FN:72,(anonymous_6)
FN:76,(anonymous_7)
FN:83,(anonymous_8)
FN:92,useUnifiedFrame
FN:104,(anonymous_10)
FN:112,(anonymous_11)
FN:116,(anonymous_12)
FN:120,(anonymous_13)
FN:130,useMainFrameLoop
FN:131,(anonymous_15)
FNF:16
FNH:0
FNDA:0,(anonymous_0)
FNDA:0,(anonymous_1)
FNDA:0,(anonymous_2)
FNDA:0,(anonymous_3)
FNDA:0,(anonymous_4)
FNDA:0,(anonymous_5)
FNDA:0,(anonymous_6)
FNDA:0,(anonymous_7)
FNDA:0,(anonymous_8)
FNDA:0,useUnifiedFrame
FNDA:0,(anonymous_10)
FNDA:0,(anonymous_11)
FNDA:0,(anonymous_12)
FNDA:0,(anonymous_13)
FNDA:0,useMainFrameLoop
FNDA:0,(anonymous_15)
DA:1,0
DA:2,0
DA:13,0
DA:14,0
DA:15,0
DA:16,0
DA:17,0
DA:20,0
DA:21,0
DA:22,0
DA:23,0
DA:25,0
DA:26,0
DA:30,0
DA:36,0
DA:37,0
DA:41,0
DA:42,0
DA:47,0
DA:48,0
DA:50,0
DA:52,0
DA:53,0
DA:54,0
DA:56,0
DA:60,0
DA:61,0
DA:62,0
DA:64,0
DA:68,0
DA:73,0
DA:77,0
DA:78,0
DA:79,0
DA:80,0
DA:84,0
DA:85,0
DA:86,0
DA:90,0
DA:92,0
DA:100,0
DA:101,0
DA:103,0
DA:105,0
DA:106,0
DA:112,0
DA:113,0
DA:116,0
DA:117,0
DA:120,0
DA:121,0
DA:122,0
DA:125,0
DA:130,0
DA:131,0
DA:132,0
DA:137,0
LF:57
LH:0
BRDA:19,0,0,0
BRDA:20,1,0,0
BRDA:25,2,0,0
BRDA:41,3,0,0
BRDA:47,4,0,0
BRDA:52,5,0,0
BRDA:95,6,0,0
BRDA:96,7,0,0
BRDA:105,8,0,0
BRF:9
BRH:0
end_of_record
TN:
SF:src\gaesup\physics\index.ts
FN:15,calculation
FN:37,(anonymous_2)
FN:38,(anonymous_3)
FN:60,(anonymous_4)
FN:64,(anonymous_5)
FN:65,(anonymous_6)
FN:71,(anonymous_7)
FN:87,(anonymous_8)
FN:120,(anonymous_9)
FN:207,(anonymous_10)
FN:236,(anonymous_11)
FN:247,(anonymous_12)
FN:250,(anonymous_13)
FN:253,(anonymous_14)
FN:264,(anonymous_15)
FNF:15
FNH:0
FNDA:0,calculation
FNDA:0,(anonymous_2)
FNDA:0,(anonymous_3)
FNDA:0,(anonymous_4)
FNDA:0,(anonymous_5)
FNDA:0,(anonymous_6)
FNDA:0,(anonymous_7)
FNDA:0,(anonymous_8)
FNDA:0,(anonymous_9)
FNDA:0,(anonymous_10)
FNDA:0,(anonymous_11)
FNDA:0,(anonymous_12)
FNDA:0,(anonymous_13)
FNDA:0,(anonymous_14)
FNDA:0,(anonymous_15)
DA:1,0
DA:3,0
DA:4,0
DA:5,0
DA:6,0
DA:7,0
DA:8,0
DA:9,0
DA:10,0
DA:11,0
DA:13,0
DA:15,0
DA:16,0
DA:17,0
DA:18,0
DA:19,0
DA:20,0
DA:21,0
DA:22,0
DA:25,0
DA:37,0
DA:38,0
DA:39,0
DA:40,0
DA:41,0
DA:42,0
DA:43,0
DA:44,0
DA:46,0
DA:60,0
DA:61,0
DA:62,0
DA:63,0
DA:67,0
DA:71,0
DA:72,0
DA:73,0
DA:74,0
DA:75,0
DA:76,0
DA:77,0
DA:78,0
DA:86,0
DA:89,0
DA:90,0
DA:91,0
DA:92,0
DA:93,0
DA:94,0
DA:95,0
DA:96,0
DA:97,0
DA:100,0
DA:101,0
DA:103,0
DA:104,0
DA:105,0
DA:106,0
DA:107,0
DA:110,0
DA:111,0
DA:113,0
DA:114,0
DA:120,0
DA:121,0
DA:123,0
DA:124,0
DA:126,0
DA:127,0
DA:128,0
DA:131,0
DA:141,0
DA:142,0
DA:146,0
DA:147,0
DA:148,0
DA:149,0
DA:150,0
DA:153,0
DA:154,0
DA:155,0
DA:156,0
DA:157,0
DA:159,0
DA:160,0
DA:161,0
DA:162,0
DA:163,0
DA:167,0
DA:168,0
DA:169,0
DA:172,0
DA:173,0
DA:177,0
DA:178,0
DA:180,0
DA:183,0
DA:184,0
DA:185,0
DA:187,0
DA:188,0
DA:190,0
DA:191,0
DA:193,0
DA:194,0
DA:196,0
DA:197,0
DA:201,0
DA:202,0
DA:206,0
DA:208,0
DA:236,0
DA:237,0
DA:238,0
DA:239,0
DA:240,0
DA:241,0
DA:242,0
DA:243,0
DA:246,0
DA:248,0
DA:250,0
DA:251,0
DA:253,0
DA:254,0
DA:256,0
DA:262,0
DA:265,0
DA:266,0
DA:267,0
DA:269,0
DA:270,0
DA:271,0
DA:272,0
DA:274,0
DA:277,0
DA:278,0
DA:280,0
DA:281,0
DA:282,0
DA:285,0
DA:286,0
DA:299,0
DA:300,0
DA:303,0
DA:304,0
DA:309,0
LF:147
LH:0
BRDA:61,0,0,0
BRDA:61,1,0,0
BRDA:61,1,1,0
BRDA:72,2,0,0
BRDA:72,3,0,0
BRDA:72,3,1,0
BRDA:72,3,2,0
BRDA:75,4,0,0
BRDA:91,5,0,0
BRDA:92,6,0,0
BRDA:93,7,0,0
BRDA:94,8,0,0
BRDA:95,9,0,0
BRDA:96,10,0,0
BRDA:97,11,0,0
BRDA:100,12,0,0
BRDA:103,13,0,0
BRDA:104,14,0,0
BRDA:106,15,0,0
BRDA:110,16,0,0
BRDA:113,17,0,0
BRDA:121,18,0,0
BRDA:127,19,0,0
BRDA:127,19,1,0
BRDA:128,20,0,0
BRDA:128,20,1,0
BRDA:131,21,0,0
BRDA:132,22,0,0
BRDA:132,22,1,0
BRDA:132,22,2,0
BRDA:132,22,3,0
BRDA:132,22,4,0
BRDA:132,22,5,0
BRDA:132,22,6,0
BRDA:146,23,0,0
BRDA:159,24,0,0
BRDA:159,25,0,0
BRDA:159,25,1,0
BRDA:167,26,0,0
BRDA:167,26,1,0
BRDA:167,26,2,0
BRDA:168,27,0,0
BRDA:168,27,1,0
BRDA:169,28,0,0
BRDA:169,28,1,0
BRDA:172,29,0,0
BRDA:172,30,0,0
BRDA:172,30,1,0
BRDA:177,31,0,0
BRDA:177,31,1,0
BRDA:184,32,0,0
BRDA:185,33,0,0
BRDA:185,33,1,0
BRDA:187,34,0,0
BRDA:188,35,0,0
BRDA:188,35,1,0
BRDA:190,36,0,0
BRDA:191,37,0,0
BRDA:191,37,1,0
BRDA:193,38,0,0
BRDA:194,39,0,0
BRDA:194,39,1,0
BRDA:196,40,0,0
BRDA:201,41,0,0
BRDA:201,41,1,0
BRDA:218,42,0,0
BRDA:218,42,1,0
BRDA:219,43,0,0
BRDA:219,43,1,0
BRDA:220,44,0,0
BRDA:220,44,1,0
BRDA:221,45,0,0
BRDA:221,45,1,0
BRDA:238,46,0,0
BRDA:238,47,0,0
BRDA:238,47,1,0
BRDA:238,47,2,0
BRDA:248,48,0,0
BRDA:248,48,1,0
BRDA:248,48,2,0
BRDA:263,49,0,0
BRDA:263,49,1,0
BRDA:266,50,0,0
BRDA:269,51,0,0
BRDA:270,52,0,0
BRDA:278,53,0,0
BRDA:278,54,0,0
BRDA:278,54,1,0
BRDA:278,54,2,0
BRDA:280,55,0,0
BRDA:282,56,0,0
BRDA:282,57,0,0
BRDA:282,57,1,0
BRDA:285,58,0,0
BRDA:285,58,1,0
BRDA:285,59,0,0
BRDA:285,59,1,0
BRDA:292,60,0,0
BRDA:292,60,1,0
BRDA:303,61,0,0
BRDA:307,62,0,0
BRDA:307,62,1,0
BRF:102
BRH:0
end_of_record
TN:
SF:src\gaesup\physics\types.ts
FN:70,(anonymous_0)
FN:79,(anonymous_1)
FNF:2
FNH:0
FNDA:0,(anonymous_0)
FNDA:0,(anonymous_1)
DA:69,0
DA:74,0
DA:75,0
DA:76,0
DA:84,0
DA:85,0
DA:86,0
DA:88,0
DA:89,0
DA:90,0
DA:91,0
LF:11
LH:0
BRDA:74,0,0,0
BRDA:75,1,0,0
BRDA:75,1,1,0
BRDA:75,2,0,0
BRDA:75,2,1,0
BRDA:84,3,0,0
BRDA:88,4,0,0
BRDA:90,5,0,0
BRDA:90,5,1,0
BRF:9
BRH:0
end_of_record
TN:
SF:src\gaesup\physics\airplane\damping.ts
FN:3,damping
FNF:1
FNH:0
FNDA:0,damping
DA:1,0
DA:3,0
DA:7,0
DA:8,0
DA:9,0
LF:5
LH:0
BRDA:8,0,0,0
BRDA:8,1,0,0
BRDA:8,1,1,0
BRF:3
BRH:0
end_of_record
TN:
SF:src\gaesup\physics\airplane\direction.ts
FN:7,direction
FNF:1
FNH:0
FNDA:0,direction
DA:1,0
DA:4,0
DA:7,0
DA:13,0
DA:14,0
DA:19,0
DA:21,0
DA:22,0
DA:23,0
DA:24,0
DA:25,0
DA:26,0
DA:27,0
DA:28,0
DA:30,0
DA:32,0
DA:33,0
DA:34,0
DA:35,0
DA:36,0
DA:37,0
DA:39,0
DA:41,0
DA:42,0
DA:43,0
DA:44,0
DA:46,0
DA:49,0
DA:50,0
DA:51,0
DA:53,0
DA:54,0
DA:56,0
DA:57,0
DA:64,0
DA:69,0
DA:72,0
LF:37
LH:0
BRDA:16,0,0,0
BRDA:17,1,0,0
BRDA:18,2,0,0
BRDA:19,3,0,0
BRDA:19,3,1,0
BRDA:21,4,0,0
BRDA:23,5,0,0
BRDA:24,6,0,0
BRDA:27,7,0,0
BRDA:27,7,1,0
BRDA:41,8,0,0
BRDA:41,8,1,0
BRDA:43,9,0,0
BRDA:43,9,1,0
BRDA:49,10,0,0
BRDA:49,10,1,0
BRDA:50,11,0,0
BRDA:50,11,1,0
BRF:18
BRH:0
end_of_record
TN:
SF:src\gaesup\physics\airplane\gravity.ts
FN:3,gravity
FNF:1
FNH:0
FNDA:0,gravity
DA:3,0
DA:7,0
DA:8,0
DA:9,0
LF:4
LH:0
BRDA:7,0,0,0
BRDA:10,1,0,0
BRDA:10,1,1,0
BRF:3
BRH:0
end_of_record
TN:
SF:src\gaesup\physics\airplane\impulse.ts
FN:3,impulse
FNF:1
FNH:0
FNDA:0,impulse
DA:1,0
DA:3,0
DA:7,0
DA:8,0
DA:10,0
LF:5
LH:0
BRDA:8,0,0,0
BRDA:8,1,0,0
BRDA:8,1,1,0
BRF:3
BRH:0
end_of_record
TN:
SF:src\gaesup\physics\airplane\index.tsx
FN:9,airplaneCalculation
FNF:1
FNH:0
FNDA:0,airplaneCalculation
DA:2,0
DA:3,0
DA:4,0
DA:5,0
DA:6,0
DA:7,0
DA:9,0
DA:10,0
DA:12,0
DA:14,0
DA:15,0
DA:16,0
DA:17,0
DA:18,0
DA:19,0
LF:15
LH:0
BRDA:10,0,0,0
BRF:1
BRH:0
end_of_record
TN:
SF:src\gaesup\physics\airplane\innerCalc.ts
FN:4,innerCalc
FNF:1
FNH:0
FNDA:0,innerCalc
DA:1,0
DA:4,0
DA:8,0
DA:9,0
DA:10,0
DA:11,0
DA:12,0
DA:13,0
DA:14,0
DA:15,0
DA:16,0
DA:17,0
LF:12
LH:0
BRDA:8,0,0,0
BRF:1
BRH:0
end_of_record
TN:
SF:src\gaesup\physics\airplane\landing.ts
FN:4,landing
FNF:1
FNH:0
FNDA:0,landing
DA:1,0
DA:4,0
DA:5,0
DA:6,0
DA:8,0
DA:10,0
LF:6
LH:0
BRDA:8,0,0,0
BRF:1
BRH:0
end_of_record
TN:
SF:src\gaesup\physics\character\direction.ts
FN:19,direction
FN:58,mouseDirection
FN:81,(anonymous_11)
FN:114,keyboardDirection
FNF:4
FNH:0
FNDA:0,direction
FNDA:0,mouseDirection
FNDA:0,(anonymous_11)
FNDA:0,keyboardDirection
DA:1,0
DA:3,0
DA:9,0
DA:10,0
DA:13,0
DA:14,0
DA:15,0
DA:16,0
DA:17,0
DA:19,0
DA:24,0
DA:26,0
DA:28,0
DA:33,0
DA:34,0
DA:35,0
DA:36,0
DA:37,0
DA:44,0
DA:45,0
DA:46,0
DA:47,0
DA:48,0
DA:53,0
DA:54,0
DA:64,0
DA:65,0
DA:66,0
DA:67,0
DA:68,0
DA:69,0
DA:70,0
DA:71,0
DA:72,0
DA:73,0
DA:74,0
DA:75,0
DA:76,0
DA:77,0
DA:78,0
DA:79,0
DA:80,0
DA:81,0
DA:82,0
DA:83,0
DA:84,0
DA:89,0
DA:90,0
DA:93,0
DA:94,0
DA:98,0
DA:99,0
DA:100,0
DA:101,0
DA:102,0
DA:103,0
DA:104,0
DA:105,0
DA:106,0
DA:107,0
DA:108,0
DA:109,0
DA:110,0
DA:111,0
DA:120,0
DA:121,0
DA:122,0
DA:123,0
DA:125,0
DA:127,0
DA:128,0
DA:129,0
DA:130,0
DA:131,0
DA:132,0
DA:133,0
DA:134,0
DA:135,0
DA:136,0
DA:139,0
DA:140,0
DA:142,0
DA:145,0
DA:147,0
DA:148,0
DA:149,0
DA:151,0
DA:152,0
LF:88
LH:0
BRDA:26,0,0,0
BRDA:26,0,1,0
BRDA:26,0,2,0
BRDA:26,0,3,0
BRDA:28,1,0,0
BRDA:28,1,1,0
BRDA:28,1,2,0
BRDA:28,1,3,0
BRDA:33,2,0,0
BRDA:33,2,1,0
BRDA:35,3,0,0
BRDA:35,4,0,0
BRDA:35,4,1,0
BRDA:47,5,0,0
BRDA:47,6,0,0
BRDA:47,6,1,0
BRDA:64,7,0,0
BRDA:69,8,0,0
BRDA:70,9,0,0
BRDA:70,9,1,0
BRDA:71,10,0,0
BRDA:71,10,1,0
BRDA:71,11,0,0
BRDA:71,11,1,0
BRDA:71,11,2,0
BRDA:73,12,0,0
BRDA:73,12,1,0
BRDA:76,13,0,0
BRDA:78,14,0,0
BRDA:82,15,0,0
BRDA:89,16,0,0
BRDA:89,17,0,0
BRDA:89,17,1,0
BRDA:89,17,2,0
BRDA:98,18,0,0
BRDA:121,19,0,0
BRDA:125,20,0,0
BRDA:125,21,0,0
BRDA:125,21,1,0
BRDA:127,22,0,0
BRDA:127,22,1,0
BRF:41
BRH:0
end_of_record
TN:
SF:src\gaesup\physics\character\gravity.ts
FN:3,gravity
FNF:1
FNH:0
FNDA:0,gravity
DA:3,0
DA:4,0
DA:8,0
DA:9,0
DA:10,0
DA:12,0
LF:6
LH:0
BRDA:4,0,0,0
BRDA:7,1,0,0
BRDA:7,2,0,0
BRDA:9,3,0,0
BRDA:9,3,1,0
BRDA:9,4,0,0
BRDA:9,4,1,0
BRF:7
BRH:0
end_of_record
TN:
SF:src\gaesup\physics\character\impulse.ts
FN:4,impulse
FNF:1
FNH:0
FNDA:0,impulse
DA:1,0
DA:4,0
DA:5,0
DA:10,0
DA:11,0
DA:12,0
DA:13,0
DA:14,0
DA:15,0
DA:20,0
DA:21,0
DA:22,0
DA:23,0
DA:24,0
DA:25,0
DA:26,0
DA:27,0
DA:28,0
DA:29,0
DA:30,0
DA:31,0
LF:21
LH:0
BRDA:5,0,0,0
BRDA:11,1,0,0
BRDA:11,2,0,0
BRDA:11,3,0,0
BRDA:12,4,0,0
BRDA:12,5,0,0
BRDA:12,5,1,0
BRDA:20,6,0,0
BRDA:21,7,0,0
BRDA:21,7,1,0
BRF:10
BRH:0
end_of_record
TN:
SF:src\gaesup\physics\character\innerCalc.ts
FN:3,innerCalc
FNF:1
FNH:0
FNDA:0,innerCalc
DA:3,0
DA:8,0
DA:13,0
DA:14,0
DA:15,0
DA:17,0
DA:21,0
DA:22,0
LF:8
LH:0
BRDA:8,0,0,0
BRDA:8,1,0,0
BRDA:8,1,1,0
BRDA:12,2,0,0
BRDA:12,3,0,0
BRDA:12,4,0,0
BRDA:14,5,0,0
BRDA:14,5,1,0
BRDA:14,6,0,0
BRDA:14,6,1,0
BRDA:18,7,0,0
BRDA:18,7,1,0
BRF:12
BRH:0
end_of_record
TN:
SF:src\gaesup\physics\check\ground.ts
FN:6,checkOnTheGround
FNF:1
FNH:0
FNDA:0,checkOnTheGround
DA:1,0
DA:2,0
DA:4,0
DA:6,0
DA:7,0
DA:8,0
DA:9,0
DA:13,0
DA:15,0
DA:16,0
DA:17,0
DA:18,0
DA:19,0
DA:20,0
DA:22,0
DA:23,0
DA:24,0
DA:25,0
DA:26,0
DA:27,0
DA:29,0
DA:33,0
LF:22
LH:0
BRDA:8,0,0,0
BRDA:18,1,0,0
BRDA:18,2,0,0
BRDA:18,2,1,0
BRDA:24,3,0,0
BRDA:24,3,1,0
BRDA:25,4,0,0
BRDA:25,4,1,0
BRDA:26,5,0,0
BRF:9
BRH:0
end_of_record
TN:
SF:src\gaesup\physics\check\index.ts
FN:10,(anonymous_1)
FN:13,(anonymous_2)
FN:17,(anonymous_3)
FN:28,check
FNF:4
FNH:0
FNDA:0,(anonymous_1)
FNDA:0,(anonymous_2)
FNDA:0,(anonymous_3)
FNDA:0,check
DA:3,0
DA:4,0
DA:5,0
DA:6,0
DA:11,0
DA:14,0
DA:18,0
DA:19,0
DA:24,0
DA:25,0
DA:26,0
DA:28,0
DA:33,0
DA:34,0
DA:35,0
LF:15
LH:0
BRDA:31,0,0,0
BRF:1
BRH:0
end_of_record
TN:
SF:src\gaesup\physics\check\moving.ts
FN:7,moving
FN:51,resetJumpState
FNF:2
FNH:0
FNDA:0,moving
FNDA:0,resetJumpState
DA:1,0
DA:3,0
DA:4,0
DA:5,0
DA:7,0
DA:8,0
DA:9,0
DA:10,0
DA:12,0
DA:13,0
DA:14,0
DA:15,0
DA:16,0
DA:17,0
DA:18,0
DA:19,0
DA:20,0
DA:21,0
DA:23,0
DA:24,0
DA:26,0
DA:27,0
DA:28,0
DA:29,0
DA:30,0
DA:32,0
DA:33,0
DA:34,0
DA:39,0
DA:40,0
DA:41,0
DA:42,0
DA:51,0
DA:52,0
LF:34
LH:0
BRDA:9,0,0,0
BRDA:9,1,0,0
BRDA:9,1,1,0
BRDA:23,2,0,0
BRDA:23,2,1,0
BRDA:23,2,2,0
BRDA:23,2,3,0
BRDA:24,3,0,0
BRDA:24,3,1,0
BRDA:27,4,0,0
BRDA:27,4,1,0
BRDA:27,5,0,0
BRDA:27,5,1,0
BRDA:29,6,0,0
BRDA:29,7,0,0
BRDA:29,7,1,0
BRDA:32,8,0,0
BRDA:32,9,0,0
BRDA:32,9,1,0
BRDA:39,10,0,0
BRDA:39,11,0,0
BRDA:39,11,1,0
BRF:22
BRH:0
end_of_record
TN:
SF:src\gaesup\physics\check\riding.ts
FN:6,riding
FNF:1
FNH:0
FNDA:0,riding
DA:1,0
DA:4,0
DA:6,0
DA:7,0
DA:8,0
DA:9,0
DA:11,0
DA:12,0
DA:14,0
DA:15,0
DA:16,0
DA:17,0
DA:18,0
DA:20,0
DA:21,0
DA:28,0
DA:29,0
DA:36,0
DA:37,0
LF:19
LH:0
BRDA:6,0,0,0
BRDA:8,1,0,0
BRDA:8,2,0,0
BRDA:8,2,1,0
BRDA:11,3,0,0
BRDA:17,4,0,0
BRDA:20,5,0,0
BRDA:20,6,0,0
BRDA:20,6,1,0
BRDA:28,7,0,0
BRDA:28,8,0,0
BRDA:28,8,1,0
BRF:12
BRH:0
end_of_record
TN:
SF:src\gaesup\physics\check\rotate.ts
FN:4,rotate
FNF:1
FNH:0
FNDA:0,rotate
DA:4,0
DA:8,0
DA:9,0
DA:10,0
LF:4
LH:0
BRDA:9,0,0,0
BRDA:9,1,0,0
BRDA:9,1,1,0
BRF:3
BRH:0
end_of_record
TN:
SF:src\gaesup\physics\stores\physicsEventBus.ts
FN:9,(anonymous_0)
FN:35,(anonymous_1)
FN:57,(anonymous_2)
FN:69,(anonymous_3)
FN:100,(anonymous_4)
FN:110,(anonymous_5)
FN:178,(anonymous_6)
FN:181,(anonymous_7)
FN:185,(anonymous_8)
FN:189,(anonymous_9)
FN:202,(anonymous_10)
FN:219,(anonymous_11)
FN:222,(anonymous_12)
FN:232,(anonymous_13)
FN:241,(anonymous_14)
FN:255,(anonymous_15)
FN:261,(anonymous_16)
FN:272,(anonymous_17)
FN:291,(anonymous_18)
FN:296,(anonymous_19)
FN:310,(anonymous_20)
FN:315,(anonymous_21)
FN:319,(anonymous_22)
FN:323,(anonymous_23)
FN:327,(anonymous_24)
FN:335,(anonymous_25)
FN:341,(anonymous_26)
FN:353,(anonymous_27)
FN:359,(anonymous_28)
FN:365,(anonymous_29)
FN:371,(anonymous_30)
FN:381,(anonymous_31)
FN:394,(anonymous_32)
FN:409,(anonymous_33)
FN:416,(anonymous_34)
FN:423,(anonymous_35)
FN:430,(anonymous_36)
FN:437,(anonymous_37)
FN:441,(anonymous_38)
FNF:39
FNH:0
FNDA:0,(anonymous_0)
FNDA:0,(anonymous_1)
FNDA:0,(anonymous_2)
FNDA:0,(anonymous_3)
FNDA:0,(anonymous_4)
FNDA:0,(anonymous_5)
FNDA:0,(anonymous_6)
FNDA:0,(anonymous_7)
FNDA:0,(anonymous_8)
FNDA:0,(anonymous_9)
FNDA:0,(anonymous_10)
FNDA:0,(anonymous_11)
FNDA:0,(anonymous_12)
FNDA:0,(anonymous_13)
FNDA:0,(anonymous_14)
FNDA:0,(anonymous_15)
FNDA:0,(anonymous_16)
FNDA:0,(anonymous_17)
FNDA:0,(anonymous_18)
FNDA:0,(anonymous_19)
FNDA:0,(anonymous_20)
FNDA:0,(anonymous_21)
FNDA:0,(anonymous_22)
FNDA:0,(anonymous_23)
FNDA:0,(anonymous_24)
FNDA:0,(anonymous_25)
FNDA:0,(anonymous_26)
FNDA:0,(anonymous_27)
FNDA:0,(anonymous_28)
FNDA:0,(anonymous_29)
FNDA:0,(anonymous_30)
FNDA:0,(anonymous_31)
FNDA:0,(anonymous_32)
FNDA:0,(anonymous_33)
FNDA:0,(anonymous_34)
FNDA:0,(anonymous_35)
FNDA:0,(anonymous_36)
FNDA:0,(anonymous_37)
FNDA:0,(anonymous_38)
DA:10,0
DA:11,0
DA:12,0
DA:13,0
DA:14,0
DA:15,0
DA:18,0
DA:19,0
DA:20,0
DA:21,0
DA:39,0
DA:40,0
DA:43,0
DA:45,0
DA:46,0
DA:49,0
DA:50,0
DA:51,0
DA:52,0
DA:55,0
DA:57,0
DA:58,0
DA:59,0
DA:60,0
DA:62,0
DA:63,0
DA:70,0
DA:71,0
DA:74,0
DA:75,0
DA:76,0
DA:78,0
DA:79,0
DA:81,0
DA:82,0
DA:83,0
DA:84,0
DA:85,0
DA:90,0
DA:91,0
DA:94,0
DA:95,0
DA:96,0
DA:98,0
DA:99,0
DA:100,0
DA:101,0
DA:102,0
DA:104,0
DA:111,0
DA:112,0
DA:114,0
DA:117,0
DA:118,0
DA:119,0
DA:123,0
DA:124,0
DA:125,0
DA:128,0
DA:136,0
DA:142,0
DA:148,0
DA:156,0
DA:163,0
DA:164,0
DA:165,0
DA:166,0
DA:171,0
DA:174,0
DA:179,0
DA:180,0
DA:181,0
DA:186,0
DA:189,0
DA:190,0
DA:192,0
DA:195,0
DA:196,0
DA:197,0
DA:198,0
DA:200,0
DA:201,0
DA:202,0
DA:203,0
DA:204,0
DA:206,0
DA:214,0
DA:215,0
DA:216,0
DA:220,0
DA:222,0
DA:233,0
DA:234,0
DA:235,0
DA:236,0
DA:237,0
DA:238,0
DA:242,0
DA:243,0
DA:244,0
DA:245,0
DA:246,0
DA:247,0
DA:252,0
DA:255,0
DA:256,0
DA:257,0
DA:258,0
DA:259,0
DA:266,0
DA:267,0
DA:268,0
DA:273,0
DA:274,0
DA:275,0
DA:277,0
DA:278,0
DA:280,0
DA:281,0
DA:283,0
DA:284,0
DA:286,0
DA:287,0
DA:292,0
DA:293,0
DA:297,0
DA:298,0
DA:300,0
DA:301,0
DA:302,0
DA:311,0
DA:312,0
DA:316,0
DA:320,0
DA:324,0
DA:328,0
DA:332,0
DA:335,0
DA:336,0
DA:337,0
DA:338,0
DA:339,0
DA:347,0
DA:348,0
DA:349,0
DA:350,0
DA:354,0
DA:355,0
DA:360,0
DA:361,0
DA:366,0
DA:367,0
DA:372,0
DA:373,0
DA:378,0
DA:381,0
DA:382,0
DA:388,0
DA:394,0
DA:395,0
DA:402,0
DA:409,0
DA:410,0
DA:413,0
DA:416,0
DA:417,0
DA:420,0
DA:423,0
DA:424,0
DA:427,0
DA:430,0
DA:431,0
DA:434,0
DA:437,0
DA:438,0
DA:441,0
DA:442,0
LF:177
LH:0
BRDA:39,0,0,0
BRDA:45,1,0,0
BRDA:45,1,1,0
BRDA:51,2,0,0
BRDA:59,3,0,0
BRDA:62,4,0,0
BRDA:71,5,0,0
BRDA:71,5,1,0
BRDA:74,6,0,0
BRDA:75,7,0,0
BRDA:75,7,1,0
BRDA:76,8,0,0
BRDA:78,9,0,0
BRDA:90,10,0,0
BRDA:99,11,0,0
BRDA:112,12,0,0
BRDA:114,13,0,0
BRDA:114,13,1,0
BRDA:114,13,2,0
BRDA:114,13,3,0
BRDA:114,13,4,0
BRDA:114,13,5,0
BRDA:114,13,6,0
BRDA:114,13,7,0
BRDA:114,13,8,0
BRDA:114,13,9,0
BRDA:114,13,10,0
BRDA:114,13,11,0
BRDA:117,14,0,0
BRDA:117,14,1,0
BRDA:118,15,0,0
BRDA:118,15,1,0
BRDA:119,16,0,0
BRDA:119,16,1,0
BRDA:123,17,0,0
BRDA:123,17,1,0
BRDA:123,18,0,0
BRDA:123,18,1,0
BRDA:124,19,0,0
BRDA:124,19,1,0
BRDA:125,20,0,0
BRDA:125,20,1,0
BRDA:129,21,0,0
BRDA:129,21,1,0
BRDA:129,21,2,0
BRDA:129,21,3,0
BRDA:137,22,0,0
BRDA:137,22,1,0
BRDA:143,23,0,0
BRDA:143,23,1,0
BRDA:149,24,0,0
BRDA:149,24,1,0
BRDA:149,24,2,0
BRDA:149,24,3,0
BRDA:157,25,0,0
BRDA:157,25,1,0
BRDA:157,25,2,0
BRDA:163,26,0,0
BRDA:163,26,1,0
BRDA:164,27,0,0
BRDA:164,27,1,0
BRDA:165,28,0,0
BRDA:165,28,1,0
BRDA:165,29,0,0
BRDA:165,29,1,0
BRDA:166,30,0,0
BRDA:166,30,1,0
BRDA:166,30,2,0
BRDA:179,31,0,0
BRDA:179,32,0,0
BRDA:179,32,1,0
BRDA:190,33,0,0
BRDA:195,34,0,0
BRDA:201,35,0,0
BRDA:273,36,0,0
BRDA:274,37,0,0
BRDA:277,38,0,0
BRDA:280,39,0,0
BRDA:283,40,0,0
BRDA:286,41,0,0
BRDA:292,42,0,0
BRDA:301,43,0,0
BRDA:301,44,0,0
BRDA:301,44,1,0
BRDA:354,45,0,0
BRDA:360,46,0,0
BRDA:366,47,0,0
BRDA:372,48,0,0
BRF:88
BRH:0
end_of_record
TN:
SF:src\gaesup\physics\vehicle\damping.ts
FN:3,damping
FNF:1
FNH:0
FNDA:0,damping
DA:1,0
DA:3,0
DA:7,0
DA:8,0
DA:9,0
DA:11,0
LF:6
LH:0
BRDA:9,0,0,0
BRDA:9,1,0,0
BRDA:9,2,0,0
BRDA:9,2,1,0
BRF:4
BRH:0
end_of_record
TN:
SF:src\gaesup\physics\vehicle\direction.ts
FN:4,direction
FNF:1
FNH:0
FNDA:0,direction
DA:1,0
DA:4,0
DA:5,0
DA:6,0
DA:7,0
DA:8,0
DA:9,0
DA:10,0
DA:11,0
DA:13,0
DA:15,0
DA:22,0
DA:27,0
LF:13
LH:0
BRDA:9,0,0,0
BRDA:10,1,0,0
BRDA:10,1,1,0
BRF:3
BRH:0
end_of_record
TN:
SF:src\gaesup\physics\vehicle\impulse.ts
FN:3,impulse
FNF:1
FNH:0
FNDA:0,impulse
DA:1,0
DA:3,0
DA:7,0
DA:8,0
DA:9,0
DA:10,0
DA:12,0
LF:7
LH:0
BRDA:9,0,0,0
BRDA:9,1,0,0
BRDA:9,2,0,0
BRDA:9,2,1,0
BRDA:10,3,0,0
BRDA:10,3,1,0
BRF:6
BRH:0
end_of_record
TN:
SF:src\gaesup\physics\vehicle\index.tsx
FN:8,vehicleCalculation
FNF:1
FNH:0
FNDA:0,vehicleCalculation
DA:2,0
DA:3,0
DA:4,0
DA:5,0
DA:6,0
DA:8,0
DA:9,0
DA:11,0
DA:13,0
DA:14,0
DA:15,0
DA:16,0
DA:17,0
LF:13
LH:0
BRDA:9,0,0,0
BRF:1
BRH:0
end_of_record
TN:
SF:src\gaesup\physics\vehicle\innerCalc.ts
FN:4,innerCalc
FNF:1
FNH:0
FNDA:0,innerCalc
DA:1,0
DA:4,0
DA:8,0
DA:10,0
DA:13,0
DA:14,0
DA:16,0
DA:17,0
DA:19,0
LF:9
LH:0
BRDA:8,0,0,0
BRF:1
BRH:0
end_of_record
TN:
SF:src\gaesup\physics\vehicle\landing.ts
FN:4,landing
FNF:1
FNH:0
FNDA:0,landing
DA:1,0
DA:4,0
DA:5,0
DA:6,0
DA:8,0
DA:10,0
LF:6
LH:0
BRDA:8,0,0,0
BRF:1
BRH:0
end_of_record
TN:
SF:src\gaesup\tools\constants.ts
FNF:0
FNH:0
DA:1,0
DA:4,0
DA:5,0
DA:6,0
DA:7,0
DA:8,0
DA:9,0
DA:10,0
DA:12,0
DA:31,0
DA:33,0
LF:11
LH:0
BRF:0
BRH:0
end_of_record
TN:
SF:src\gaesup\tools\clicker\index.tsx
FN:8,(anonymous_9)
FN:15,(anonymous_10)
FN:22,(anonymous_11)
FN:43,(anonymous_12)
FNF:4
FNH:0
FNDA:0,(anonymous_9)
FNDA:0,(anonymous_10)
FNDA:0,(anonymous_11)
FNDA:0,(anonymous_12)
DA:1,0
DA:2,0
DA:3,0
DA:4,0
DA:5,0
DA:6,0
DA:8,0
DA:9,0
DA:15,0
DA:16,0
DA:22,0
DA:23,0
DA:24,0
DA:25,0
DA:26,0
DA:27,0
DA:28,0
DA:29,0
DA:33,0
DA:35,0
DA:44,0
DA:45,0
DA:46,0
DA:48,0
LF:24
LH:0
BRDA:28,0,0,0
BRDA:39,1,0,0
BRDA:39,1,1,0
BRDA:40,2,0,0
BRDA:40,2,1,0
BRDA:40,2,2,0
BRDA:40,2,3,0
BRDA:42,3,0,0
BRDA:42,3,1,0
BRDA:44,4,0,0
BRDA:46,5,0,0
BRDA:46,5,1,0
BRF:12
BRH:0
end_of_record
TN:
SF:src\gaesup\tools\gamepad\GamePadButton.tsx
FN:6,GamePadButton
FN:9,(anonymous_1)
FN:13,(anonymous_2)
FN:23,(anonymous_3)
FNF:4
FNH:0
FNDA:0,GamePadButton
FNDA:0,(anonymous_1)
FNDA:0,(anonymous_2)
FNDA:0,(anonymous_3)
DA:1,0
DA:2,0
DA:3,0
DA:6,0
DA:7,0
DA:8,0
DA:9,0
DA:10,0
DA:11,0
DA:13,0
DA:14,0
DA:15,0
DA:17,0
DA:24,0
DA:25,0
LF:15
LH:0
BRDA:19,0,0,0
BRDA:19,0,1,0
BRF:2
BRH:0
end_of_record
TN:
SF:src\gaesup\tools\gamepad\index.tsx
FN:12,GamePad
FN:18,(anonymous_2)
FN:33,(anonymous_3)
FN:34,(anonymous_4)
FN:40,(anonymous_5)
FNF:5
FNH:0
FNDA:0,GamePad
FNDA:0,(anonymous_2)
FNDA:0,(anonymous_3)
FNDA:0,(anonymous_4)
FNDA:0,(anonymous_5)
DA:2,0
DA:3,0
DA:4,0
DA:5,0
DA:8,0
DA:12,0
DA:13,0
DA:14,0
DA:15,0
DA:16,0
DA:17,0
DA:19,0
DA:20,0
DA:27,0
DA:33,0
DA:34,0
DA:36,0
DA:41,0
LF:18
LH:0
BRDA:19,0,0,0
BRDA:19,0,1,0
BRDA:20,1,0,0
BRDA:21,2,0,0
BRDA:21,2,1,0
BRDA:21,2,2,0
BRDA:21,2,3,0
BRDA:21,2,4,0
BRDA:38,3,0,0
BRDA:38,3,1,0
BRF:10
BRH:0
end_of_record
TN:
SF:src\gaesup\tools\minimap\MinimapMarker.tsx
FN:16,MinimapMarker
FN:26,(anonymous_10)
FN:33,(anonymous_11)
FN:46,(anonymous_12)
FN:47,(anonymous_13)
FN:59,MinimapPlatform
FN:79,MinimapObject
FNF:7
FNH:0
FNDA:0,MinimapMarker
FNDA:0,(anonymous_10)
FNDA:0,(anonymous_11)
FNDA:0,(anonymous_12)
FNDA:0,(anonymous_13)
FNDA:0,MinimapPlatform
FNDA:0,MinimapObject
DA:1,0
DA:2,0
DA:3,0
DA:4,0
DA:16,0
DA:24,0
DA:26,0
DA:28,0
DA:30,0
DA:33,0
DA:46,0
DA:47,0
DA:48,0
DA:49,0
DA:50,0
DA:55,0
DA:59,0
DA:72,0
DA:79,0
DA:92,0
LF:20
LH:0
BRDA:19,0,0,0
BRDA:20,1,0,0
BRDA:21,2,0,0
BRDA:28,3,0,0
BRDA:28,3,1,0
BRDA:30,4,0,0
BRDA:30,4,1,0
BRDA:83,5,0,0
BRF:8
BRH:0
end_of_record
TN:
SF:src\gaesup\tools\minimap\index.tsx
FN:87,MiniMap
FN:123,(anonymous_10)
FN:133,(anonymous_11)
FN:213,(anonymous_12)
FN:213,(anonymous_13)
FN:213,(anonymous_14)
FNF:6
FNH:0
FNDA:0,MiniMap
FNDA:0,(anonymous_10)
FNDA:0,(anonymous_11)
FNDA:0,(anonymous_12)
FNDA:0,(anonymous_13)
FNDA:0,(anonymous_14)
DA:1,0
DA:2,0
DA:3,0
DA:4,0
DA:5,0
DA:7,0
DA:18,0
DA:59,0
DA:66,0
DA:71,0
DA:76,0
DA:83,0
DA:84,0
DA:85,0
DA:87,0
DA:103,0
DA:104,0
DA:105,0
DA:106,0
DA:108,0
DA:116,0
DA:123,0
DA:124,0
DA:125,0
DA:131,0
DA:133,0
DA:134,0
DA:137,0
DA:213,0
LF:29
LH:0
BRDA:88,0,0,0
BRDA:89,1,0,0
BRDA:90,2,0,0
BRDA:91,3,0,0
BRDA:92,4,0,0
BRDA:93,5,0,0
BRDA:94,6,0,0
BRDA:124,7,0,0
BRDA:152,8,0,0
BRDA:152,8,1,0
BRDA:166,9,0,0
BRDA:166,9,1,0
BRDA:193,10,0,0
BRDA:193,10,1,0
BRF:14
BRH:0
end_of_record
TN:
SF:src\gaesup\tools\minimap\useCanvas.ts
FN:49,(anonymous_0)
FN:61,(anonymous_1)
FN:69,(anonymous_2)
FN:117,(anonymous_3)
FN:131,(anonymous_4)
FN:148,(anonymous_5)
FNF:6
FNH:0
FNDA:0,(anonymous_0)
FNDA:0,(anonymous_1)
FNDA:0,(anonymous_2)
FNDA:0,(anonymous_3)
FNDA:0,(anonymous_4)
FNDA:0,(anonymous_5)
DA:1,0
DA:2,0
DA:5,0
DA:12,0
DA:17,0
DA:22,0
DA:49,0
DA:58,0
DA:60,0
DA:62,0
DA:63,0
DA:68,0
DA:70,0
DA:71,0
DA:73,0
DA:74,0
DA:76,0
DA:77,0
DA:79,0
DA:81,0
DA:82,0
DA:83,0
DA:84,0
DA:86,0
DA:94,0
DA:95,0
DA:96,0
DA:97,0
DA:99,0
DA:100,0
DA:101,0
DA:102,0
DA:104,0
DA:105,0
DA:106,0
DA:107,0
DA:108,0
DA:109,0
DA:110,0
DA:111,0
DA:112,0
DA:113,0
DA:115,0
DA:117,0
DA:118,0
DA:119,0
DA:120,0
DA:121,0
DA:122,0
DA:124,0
DA:131,0
DA:132,0
DA:133,0
DA:134,0
DA:135,0
DA:136,0
DA:137,0
DA:138,0
DA:139,0
DA:142,0
DA:145,0
DA:147,0
DA:148,0
DA:149,0
DA:151,0
DA:156,0
DA:158,0
DA:159,0
DA:161,0
DA:163,0
DA:164,0
DA:165,0
DA:166,0
DA:168,0
DA:169,0
DA:170,0
DA:171,0
DA:173,0
DA:174,0
DA:176,0
DA:177,0
DA:178,0
DA:179,0
DA:181,0
DA:182,0
DA:183,0
DA:184,0
DA:185,0
DA:186,0
DA:187,0
DA:188,0
DA:189,0
DA:191,0
DA:193,0
DA:194,0
DA:195,0
DA:196,0
DA:199,0
DA:203,0
DA:205,0
DA:213,0
DA:214,0
DA:215,0
DA:217,0
DA:218,0
DA:219,0
DA:220,0
DA:222,0
DA:223,0
DA:224,0
DA:225,0
DA:226,0
DA:227,0
DA:229,0
DA:230,0
DA:231,0
DA:232,0
DA:233,0
DA:234,0
DA:235,0
DA:237,0
DA:238,0
DA:255,0
LF:123
LH:0
BRDA:62,0,0,0
BRDA:62,1,0,0
BRDA:62,1,1,0
BRDA:71,2,0,0
BRDA:71,3,0,0
BRDA:71,3,1,0
BRDA:71,3,2,0
BRDA:74,4,0,0
BRDA:119,5,0,0
BRDA:119,5,1,0
BRDA:120,6,0,0
BRDA:120,6,1,0
BRDA:147,7,0,0
BRDA:147,8,0,0
BRDA:147,8,1,0
BRDA:149,9,0,0
BRDA:149,10,0,0
BRDA:149,10,1,0
BRDA:149,10,2,0
BRDA:149,10,3,0
BRDA:158,11,0,0
BRDA:158,11,1,0
BRDA:159,12,0,0
BRDA:159,12,1,0
BRDA:173,13,0,0
BRDA:173,13,1,0
BRDA:181,14,0,0
BRDA:183,15,0,0
BRDA:183,15,1,0
BRDA:184,16,0,0
BRDA:184,16,1,0
BRDA:188,17,0,0
BRDA:188,17,1,0
BRDA:188,18,0,0
BRDA:188,18,1,0
BRDA:213,19,0,0
BRDA:213,19,1,0
BRDA:214,20,0,0
BRDA:214,20,1,0
BRDA:222,21,0,0
BRDA:222,21,1,0
BRDA:223,22,0,0
BRDA:223,22,1,0
BRF:43
BRH:0
end_of_record
TN:
SF:src\gaesup\tools\minimap\useMinimapControls.ts
FN:4,(anonymous_0)
FN:13,(anonymous_1)
FN:15,(anonymous_2)
FN:18,(anonymous_3)
FN:20,(anonymous_4)
FN:24,(anonymous_5)
FN:33,(anonymous_6)
FN:37,(anonymous_7)
FN:46,(anonymous_8)
FNF:9
FNH:0
FNDA:0,(anonymous_0)
FNDA:0,(anonymous_1)
FNDA:0,(anonymous_2)
FNDA:0,(anonymous_3)
FNDA:0,(anonymous_4)
FNDA:0,(anonymous_5)
FNDA:0,(anonymous_6)
FNDA:0,(anonymous_7)
FNDA:0,(anonymous_8)
DA:1,0
DA:2,0
DA:4,0
DA:11,0
DA:13,0
DA:14,0
DA:15,0
DA:18,0
DA:19,0
DA:20,0
DA:23,0
DA:25,0
DA:26,0
DA:27,0
DA:32,0
DA:34,0
DA:35,0
DA:37,0
DA:38,0
DA:39,0
DA:40,0
DA:41,0
DA:44,0
DA:46,0
DA:47,0
DA:53,0
LF:26
LH:0
BRDA:5,0,0,0
BRDA:14,1,0,0
BRDA:19,2,0,0
BRDA:25,3,0,0
BRDA:26,4,0,0
BRDA:26,4,1,0
BRDA:35,5,0,0
BRDA:38,6,0,0
BRDA:40,7,0,0
BRDA:40,7,1,0
BRF:10
BRH:0
end_of_record
TN:
SF:src\gaesup\tools\minimap\useMinimapUpdates.ts
FN:9,(anonymous_0)
FN:20,(anonymous_1)
FN:40,(anonymous_2)
FN:53,(anonymous_3)
FN:58,(anonymous_4)
FN:68,(anonymous_5)
FNF:6
FNH:0
FNDA:0,(anonymous_0)
FNDA:0,(anonymous_1)
FNDA:0,(anonymous_2)
FNDA:0,(anonymous_3)
FNDA:0,(anonymous_4)
FNDA:0,(anonymous_5)
DA:1,0
DA:2,0
DA:9,0
DA:15,0
DA:16,0
DA:17,0
DA:18,0
DA:20,0
DA:21,0
DA:22,0
DA:24,0
DA:25,0
DA:26,0
DA:27,0
DA:30,0
DA:33,0
DA:35,0
DA:36,0
DA:37,0
DA:40,0
DA:41,0
DA:43,0
DA:48,0
DA:53,0
DA:54,0
DA:56,0
DA:58,0
DA:59,0
DA:60,0
DA:62,0
DA:63,0
DA:68,0
DA:69,0
LF:33
LH:0
BRDA:22,0,0,0
BRDA:30,1,0,0
BRDA:30,1,1,0
BRDA:35,2,0,0
BRDA:35,3,0,0
BRDA:35,3,1,0
BRDA:36,4,0,0
BRDA:59,5,0,0
BRDA:62,6,0,0
BRF:9
BRH:0
end_of_record
TN:
SF:src\gaesup\tools\rideable\index.tsx
FN:10,RideableUI
FN:33,Rideable
FN:37,(anonymous_2)
FN:41,(anonymous_3)
FN:47,(anonymous_4)
FN:51,(anonymous_5)
FNF:6
FNH:0
FNDA:0,RideableUI
FNDA:0,Rideable
FNDA:0,(anonymous_2)
FNDA:0,(anonymous_3)
FNDA:0,(anonymous_4)
FNDA:0,(anonymous_5)
DA:2,0
DA:3,0
DA:4,0
DA:5,0
DA:7,0
DA:10,0
DA:11,0
DA:12,0
DA:14,0
DA:30,0
DA:33,0
DA:34,0
DA:35,0
DA:37,0
DA:38,0
DA:41,0
DA:42,0
DA:43,0
DA:47,0
DA:48,0
DA:51,0
DA:52,0
DA:55,0
LF:23
LH:0
BRDA:11,0,0,0
BRDA:11,1,0,0
BRDA:11,1,1,0
BRDA:42,2,0,0
BRDA:42,3,0,0
BRDA:42,3,1,0
BRDA:42,3,2,0
BRDA:57,4,0,0
BRDA:57,4,1,0
BRDA:59,5,0,0
BRDA:59,5,1,0
BRDA:76,6,0,0
BRDA:76,6,1,0
BRF:13
BRH:0
end_of_record
TN:
SF:src\gaesup\tools\teleport\index.tsx
FN:5,teleport
FN:10,(anonymous_1)
FNF:2
FNH:0
FNDA:0,teleport
FNDA:0,(anonymous_1)
DA:1,0
DA:2,0
DA:5,0
DA:6,0
DA:7,0
DA:11,0
LF:6
LH:0
BRF:0
BRH:0
end_of_record
TN:
SF:src\gaesup\types\index.ts
FNF:0
FNH:0
DA:1,0
DA:2,0
LF:2
LH:0
BRF:0
BRH:0
end_of_record
TN:
SF:src\gaesup\utils\context.ts
FN:3,(anonymous_0)
FNF:1
FNH:1
FNDA:1,(anonymous_0)
DA:3,1
DA:4,1
LF:2
LH:2
BRF:0
BRH:0
end_of_record
TN:
SF:src\gaesup\utils\index.ts
FNF:0
FNH:0
DA:1,0
DA:2,0
DA:3,0
LF:3
LH:0
BRF:0
BRH:0
end_of_record
TN:
SF:src\gaesup\utils\memoization.ts
FN:3,createVectorCache
FN:11,(anonymous_10)
FN:16,(anonymous_11)
FN:26,(anonymous_12)
FN:29,(anonymous_13)
FN:39,getCachedTrig
FN:54,clearTrigCache
FN:58,getTrigCacheStats
FN:66,normalizeAngle
FN:72,shouldUpdate
FN:76,shouldUpdateVector3
FN:80,(anonymous_20)
FN:84,(anonymous_21)
FN:91,(anonymous_22)
FN:98,(anonymous_23)
FN:99,(anonymous_24)
FN:103,(anonymous_25)
FN:104,(anonymous_26)
FNF:18
FNH:11
FNDA:5,createVectorCache
FNDA:2,(anonymous_10)
FNDA:2,(anonymous_11)
FNDA:0,(anonymous_12)
FNDA:0,(anonymous_13)
FNDA:2,getCachedTrig
FNDA:1,clearTrigCache
FNDA:0,getTrigCacheStats
FNDA:3,normalizeAngle
FNDA:2,shouldUpdate
FNDA:2,shouldUpdateVector3
FNDA:1,(anonymous_20)
FNDA:3,(anonymous_21)
FNDA:2,(anonymous_22)
FNDA:0,(anonymous_23)
FNDA:0,(anonymous_24)
FNDA:0,(anonymous_25)
FNDA:0,(anonymous_26)
DA:1,1
DA:3,1
DA:4,5
DA:5,5
DA:6,5
DA:7,50
DA:10,5
DA:12,2
DA:13,2
DA:14,2
DA:17,2
DA:18,1
DA:19,1
DA:20,0
DA:21,0
DA:24,2
DA:27,0
DA:30,0
DA:38,1
DA:39,1
DA:40,2
DA:41,2
DA:42,1
DA:46,1
DA:47,0
DA:48,0
DA:51,2
DA:54,1
DA:55,1
DA:58,1
DA:59,0
DA:66,1
DA:67,3
DA:68,3
DA:69,3
DA:72,1
DA:73,2
DA:76,1
DA:77,2
DA:80,1
DA:82,1
DA:85,3
DA:86,1
DA:88,3
DA:92,2
DA:93,2
DA:95,2
DA:99,0
DA:100,0
DA:104,0
DA:109,0
LF:51
LH:40
BRDA:17,0,0,1
BRDA:19,1,0,0
BRDA:41,2,0,1
BRDA:46,3,0,0
BRDA:72,4,0,0
BRDA:76,5,0,0
BRDA:85,6,0,1
BRDA:92,7,0,2
BRF:8
BRH:4
end_of_record
TN:
SF:src\gaesup\utils\vector.ts
FN:3,isVectorNonZero
FN:7,calcNorm
FN:13,isValidOrZero
FN:17,isValidOrOne
FN:21,calcAngleByVector
FN:29,(anonymous_14)
FN:30,(anonymous_15)
FN:31,(anonymous_16)
FN:32,(anonymous_17)
FN:33,(anonymous_18)
FNF:10
FNH:0
FNDA:0,isVectorNonZero
FNDA:0,calcNorm
FNDA:0,isValidOrZero
FNDA:0,isValidOrOne
FNDA:0,calcAngleByVector
FNDA:0,(anonymous_14)
FNDA:0,(anonymous_15)
FNDA:0,(anonymous_16)
FNDA:0,(anonymous_17)
FNDA:0,(anonymous_18)
DA:1,0
DA:3,0
DA:4,0
DA:7,0
DA:8,0
DA:13,0
DA:14,0
DA:17,0
DA:18,0
DA:21,0
DA:22,0
DA:23,0
DA:24,0
DA:25,0
DA:26,0
DA:27,0
DA:29,0
DA:30,0
DA:31,0
DA:32,0
DA:33,0
LF:21
LH:0
BRDA:4,0,0,0
BRDA:4,0,1,0
BRDA:4,0,2,0
BRDA:9,1,0,0
BRDA:9,1,1,0
BRDA:14,2,0,0
BRDA:14,2,1,0
BRDA:18,3,0,0
BRDA:18,3,1,0
BRDA:25,4,0,0
BRDA:25,4,1,0
BRDA:29,5,0,0
BRDA:29,6,0,0
BRDA:29,7,0,0
BRDA:30,8,0,0
BRDA:30,9,0,0
BRDA:30,10,0,0
BRDA:30,11,0,0
BRDA:31,12,0,0
BRDA:31,13,0,0
BRDA:31,14,0,0
BRF:21
BRH:0
end_of_record
TN:
SF:src\gaesup\world\index.tsx
FN:10,LoadingSpinner
FN:25,GaesupWorld
FN:29,(anonymous_3)
FN:35,(anonymous_4)
FN:37,(anonymous_5)
FNF:5
FNH:0
FNDA:0,LoadingSpinner
FNDA:0,GaesupWorld
FNDA:0,(anonymous_3)
FNDA:0,(anonymous_4)
FNDA:0,(anonymous_5)
DA:2,0
DA:3,0
DA:4,0
DA:5,0
DA:6,0
DA:7,0
DA:11,0
DA:25,0
DA:26,0
DA:27,0
DA:28,0
DA:29,0
DA:30,0
DA:31,0
DA:32,0
DA:35,0
DA:36,0
DA:37,0
DA:43,0
LF:19
LH:0
BRDA:30,0,0,0
BRDA:30,0,1,0
BRDA:31,1,0,0
BRDA:36,2,0,0
BRF:4
BRH:0
end_of_record
TN:
SF:src\gaesup\world\initalize\index.ts
FN:5,initGaesupWorld
FN:7,(anonymous_1)
FN:28,(anonymous_2)
FNF:3
FNH:0
FNDA:0,initGaesupWorld
FNDA:0,(anonymous_1)
FNDA:0,(anonymous_2)
DA:1,0
DA:2,0
DA:5,0
DA:6,0
DA:7,0
DA:27,0
DA:28,0
DA:29,0
LF:8
LH:0
BRDA:10,0,0,0
BRDA:10,0,1,0
BRDA:12,1,0,0
BRDA:12,1,1,0
BRDA:13,2,0,0
BRDA:13,2,1,0
BRDA:19,3,0,0
BRDA:19,3,1,0
BRDA:21,4,0,0
BRDA:21,4,1,0
BRF:10
BRH:0
end_of_record
